2003.10.31 15:21 B E:\Documents and Settings\Andrew\Desktop\phpBB2\templates\subSilver\images\cellpic.gif --> shiftx.edgehost.net /httpdocs/phpBB2/templates/subSilver/images cellpic.gif
2003.10.31 15:21 B E:\Documents and Settings\Andrew\Desktop\phpBB2\templates\subSilver\images\cellpic1.gif --> shiftx.edgehost.net /httpdocs/phpBB2/templates/subSilver/images cellpic1.gif
2003.10.31 15:21 B E:\Documents and Settings\Andrew\Desktop\phpBB2\templates\subSilver\images\cellpic2.jpg --> shiftx.edgehost.net /httpdocs/phpBB2/templates/subSilver/images cellpic2.jpg
2003.10.31 15:21 B E:\Documents and Settings\Andrew\Desktop\phpBB2\templates\subSilver\images\cellpic3.gif --> shiftx.edgehost.net /httpdocs/phpBB2/templates/subSilver/images cellpic3.gif
2003.10.31 15:21 B E:\Documents and Settings\Andrew\Desktop\phpBB2\templates\subSilver\images\created_by.jpg --> shiftx.edgehost.net /httpdocs/phpBB2/templates/subSilver/images created_by.jpg
2003.10.31 15:21 B E:\Documents and Settings\Andrew\Desktop\phpBB2\templates\subSilver\images\folder.gif --> shiftx.edgehost.net /httpdocs/phpBB2/templates/subSilver/images folder.gif
2003.10.31 15:21 B E:\Documents and Settings\Andrew\Desktop\phpBB2\templates\subSilver\images\folder_announce.gif --> shiftx.edgehost.net /httpdocs/phpBB2/templates/subSilver/images folder_announce.gif
2003.10.31 15:21 B E:\Documents and Settings\Andrew\Desktop\phpBB2\templates\subSilver\images\folder_announce_new.gif --> shiftx.edgehost.net /httpdocs/phpBB2/templates/subSilver/images folder_announce_new.gif
2003.10.31 15:21 B E:\Documents and Settings\Andrew\Desktop\phpBB2\templates\subSilver\images\folder_big.gif --> shiftx.edgehost.net /httpdocs/phpBB2/templates/subSilver/images folder_big.gif
2003.10.31 15:21 B E:\Documents and Settings\Andrew\Desktop\phpBB2\templates\subSilver\images\folder_hot.gif --> shiftx.edgehost.net /httpdocs/phpBB2/templates/subSilver/images folder_hot.gif
2003.10.31 15:21 B E:\Documents and Settings\Andrew\Desktop\phpBB2\templates\subSilver\images\folder_lock.gif --> shiftx.edgehost.net /httpdocs/phpBB2/templates/subSilver/images folder_lock.gif
2003.10.31 15:21 B E:\Documents and Settings\Andrew\Desktop\phpBB2\templates\subSilver\images\folder_lock_new.gif --> shiftx.edgehost.net /httpdocs/phpBB2/templates/subSilver/images folder_lock_new.gif
2003.10.31 15:21 B E:\Documents and Settings\Andrew\Desktop\phpBB2\templates\subSilver\images\folder_locked_big.gif --> shiftx.edgehost.net /httpdocs/phpBB2/templates/subSilver/images folder_locked_big.gif
2003.10.31 15:21 B E:\Documents and Settings\Andrew\Desktop\phpBB2\templates\subSilver\images\folder_new.gif --> shiftx.edgehost.net /httpdocs/phpBB2/templates/subSilver/images folder_new.gif
2003.10.31 15:21 B E:\Documents and Settings\Andrew\Desktop\phpBB2\templates\subSilver\images\folder_new_big.gif --> shiftx.edgehost.net /httpdocs/phpBB2/templates/subSilver/images folder_new_big.gif
2003.10.31 15:21 B E:\Documents and Settings\Andrew\Desktop\phpBB2\templates\subSilver\images\folder_new_hot.gif --> shiftx.edgehost.net /httpdocs/phpBB2/templates/subSilver/images folder_new_hot.gif
2003.10.31 15:21 B E:\Documents and Settings\Andrew\Desktop\phpBB2\templates\subSilver\images\folder_sticky.gif --> shiftx.edgehost.net /httpdocs/phpBB2/templates/subSilver/images folder_sticky.gif
2003.10.31 15:21 B E:\Documents and Settings\Andrew\Desktop\phpBB2\templates\subSilver\images\folder_sticky_new.gif --> shiftx.edgehost.net /httpdocs/phpBB2/templates/subSilver/images folder_sticky_new.gif
2003.10.31 15:21 B E:\Documents and Settings\Andrew\Desktop\phpBB2\templates\subSilver\images\icon_delete.gif --> shiftx.edgehost.net /httpdocs/phpBB2/templates/subSilver/images icon_delete.gif
2003.10.31 15:21 B E:\Documents and Settings\Andrew\Desktop\phpBB2\templates\subSilver\images\icon_latest_reply.gif --> shiftx.edgehost.net /httpdocs/phpBB2/templates/subSilver/images icon_latest_reply.gif
2003.10.31 15:21 B E:\Documents and Settings\Andrew\Desktop\phpBB2\templates\subSilver\images\icon_mini_faq.gif --> shiftx.edgehost.net /httpdocs/phpBB2/templates/subSilver/images icon_mini_faq.gif
2003.10.31 15:21 B E:\Documents and Settings\Andrew\Desktop\phpBB2\templates\subSilver\images\icon_mini_groups.gif --> shiftx.edgehost.net /httpdocs/phpBB2/templates/subSilver/images icon_mini_groups.gif
2003.10.31 15:21 B E:\Documents and Settings\Andrew\Desktop\phpBB2\templates\subSilver\images\icon_mini_login.gif --> shiftx.edgehost.net /httpdocs/phpBB2/templates/subSilver/images icon_mini_login.gif
2003.10.31 15:21 B E:\Documents and Settings\Andrew\Desktop\phpBB2\templates\subSilver\images\icon_mini_members.gif --> shiftx.edgehost.net /httpdocs/phpBB2/templates/subSilver/images icon_mini_members.gif
2003.10.31 15:21 B E:\Documents and Settings\Andrew\Desktop\phpBB2\templates\subSilver\images\icon_mini_message.gif --> shiftx.edgehost.net /httpdocs/phpBB2/templates/subSilver/images icon_mini_message.gif
2003.10.31 15:21 B E:\Documents and Settings\Andrew\Desktop\phpBB2\templates\subSilver\images\icon_mini_profile.gif --> shiftx.edgehost.net /httpdocs/phpBB2/templates/subSilver/images icon_mini_profile.gif
2003.10.31 15:21 B E:\Documents and Settings\Andrew\Desktop\phpBB2\templates\subSilver\images\icon_mini_register.gif --> shiftx.edgehost.net /httpdocs/phpBB2/templates/subSilver/images icon_mini_register.gif
2003.10.31 15:21 B E:\Documents and Settings\Andrew\Desktop\phpBB2\templates\subSilver\images\icon_mini_search.gif --> shiftx.edgehost.net /httpdocs/phpBB2/templates/subSilver/images icon_mini_search.gif
2003.10.31 15:21 B E:\Documents and Settings\Andrew\Desktop\phpBB2\templates\subSilver\images\icon_minipost.gif --> shiftx.edgehost.net /httpdocs/phpBB2/templates/subSilver/images icon_minipost.gif
2003.10.31 15:21 B E:\Documents and Settings\Andrew\Desktop\phpBB2\templates\subSilver\images\icon_minipost_new.gif --> shiftx.edgehost.net /httpdocs/phpBB2/templates/subSilver/images icon_minipost_new.gif
2003.10.31 15:21 B E:\Documents and Settings\Andrew\Desktop\phpBB2\templates\subSilver\images\icon_newest_reply.gif --> shiftx.edgehost.net /httpdocs/phpBB2/templates/subSilver/images icon_newest_reply.gif
2003.10.31 15:21 B E:\Documents and Settings\Andrew\Desktop\phpBB2\templates\subSilver\images\index.htm --> shiftx.edgehost.net /httpdocs/phpBB2/templates/subSilver/images index.htm
2003.10.31 15:21 B E:\Documents and Settings\Andrew\Desktop\phpBB2\templates\subSilver\images\logo_phpBB.gif --> shiftx.edgehost.net /httpdocs/phpBB2/templates/subSilver/images logo_phpBB.gif
2003.10.31 15:21 B E:\Documents and Settings\Andrew\Desktop\phpBB2\templates\subSilver\images\logo_phpBB_med.gif --> shiftx.edgehost.net /httpdocs/phpBB2/templates/subSilver/images logo_phpBB_med.gif
2003.10.31 15:21 B E:\Documents and Settings\Andrew\Desktop\phpBB2\templates\subSilver\images\msg_inbox.gif --> shiftx.edgehost.net /httpdocs/phpBB2/templates/subSilver/images msg_inbox.gif
2003.10.31 15:21 B E:\Documents and Settings\Andrew\Desktop\phpBB2\templates\subSilver\images\msg_outbox.gif --> shiftx.edgehost.net /httpdocs/phpBB2/templates/subSilver/images msg_outbox.gif
2003.10.31 15:21 B E:\Documents and Settings\Andrew\Desktop\phpBB2\templates\subSilver\images\msg_savebox.gif --> shiftx.edgehost.net /httpdocs/phpBB2/templates/subSilver/images msg_savebox.gif
2003.10.31 15:21 B E:\Documents and Settings\Andrew\Desktop\phpBB2\templates\subSilver\images\msg_sentbox.gif --> shiftx.edgehost.net /httpdocs/phpBB2/templates/subSilver/images msg_sentbox.gif
2003.10.31 15:21 B E:\Documents and Settings\Andrew\Desktop\phpBB2\templates\subSilver\images\spacer.gif --> shiftx.edgehost.net /httpdocs/phpBB2/templates/subSilver/images spacer.gif
2003.10.31 15:21 B E:\Documents and Settings\Andrew\Desktop\phpBB2\templates\subSilver\images\topic_delete.gif --> shiftx.edgehost.net /httpdocs/phpBB2/templates/subSilver/images topic_delete.gif
2003.10.31 15:21 B E:\Documents and Settings\Andrew\Desktop\phpBB2\templates\subSilver\images\topic_lock.gif --> shiftx.edgehost.net /httpdocs/phpBB2/templates/subSilver/images topic_lock.gif
2003.10.31 15:21 B E:\Documents and Settings\Andrew\Desktop\phpBB2\templates\subSilver\images\topic_move.gif --> shiftx.edgehost.net /httpdocs/phpBB2/templates/subSilver/images topic_move.gif
2003.10.31 15:21 B E:\Documents and Settings\Andrew\Desktop\phpBB2\templates\subSilver\images\topic_split.gif --> shiftx.edgehost.net /httpdocs/phpBB2/templates/subSilver/images topic_split.gif
2003.10.31 15:21 B E:\Documents and Settings\Andrew\Desktop\phpBB2\templates\subSilver\images\topic_unlock.gif --> shiftx.edgehost.net /httpdocs/phpBB2/templates/subSilver/images topic_unlock.gif
2003.10.31 15:21 B E:\Documents and Settings\Andrew\Desktop\phpBB2\templates\subSilver\images\vote_lcap.gif --> shiftx.edgehost.net /httpdocs/phpBB2/templates/subSilver/images vote_lcap.gif
2003.10.31 15:21 B E:\Documents and Settings\Andrew\Desktop\phpBB2\templates\subSilver\images\vote_rcap.gif --> shiftx.edgehost.net /httpdocs/phpBB2/templates/subSilver/images vote_rcap.gif
2003.10.31 15:21 B E:\Documents and Settings\Andrew\Desktop\phpBB2\templates\subSilver\images\voting_bar.gif --> shiftx.edgehost.net /httpdocs/phpBB2/templates/subSilver/images voting_bar.gif
2003.10.31 15:21 B E:\Documents and Settings\Andrew\Desktop\phpBB2\templates\subSilver\images\whosonline.gif --> shiftx.edgehost.net /httpdocs/phpBB2/templates/subSilver/images whosonline.gif
2003.11.05 16:18 B E:\Documents and Settings\Andrew\Desktop\alexis\templates\subSilver\images\cellpic.gif --> shiftx.edgehost.net /httpdocs/alexis/templates/subSilver/images cellpic.gif
2003.11.05 16:18 B E:\Documents and Settings\Andrew\Desktop\alexis\templates\subSilver\images\cellpic1.gif --> shiftx.edgehost.net /httpdocs/alexis/templates/subSilver/images cellpic1.gif
2003.11.05 16:18 B E:\Documents and Settings\Andrew\Desktop\alexis\templates\subSilver\images\cellpic2.jpg --> shiftx.edgehost.net /httpdocs/alexis/templates/subSilver/images cellpic2.jpg
2003.11.05 16:18 B E:\Documents and Settings\Andrew\Desktop\alexis\templates\subSilver\images\cellpic3.gif --> shiftx.edgehost.net /httpdocs/alexis/templates/subSilver/images cellpic3.gif
2003.11.05 16:18 B E:\Documents and Settings\Andrew\Desktop\alexis\templates\subSilver\images\created_by.jpg --> shiftx.edgehost.net /httpdocs/alexis/templates/subSilver/images created_by.jpg
2003.11.05 16:18 B E:\Documents and Settings\Andrew\Desktop\alexis\templates\subSilver\images\folder.gif --> shiftx.edgehost.net /httpdocs/alexis/templates/subSilver/images folder.gif
2003.11.05 16:18 B E:\Documents and Settings\Andrew\Desktop\alexis\templates\subSilver\images\folder_announce.gif --> shiftx.edgehost.net /httpdocs/alexis/templates/subSilver/images folder_announce.gif
2003.11.05 16:18 B E:\Documents and Settings\Andrew\Desktop\alexis\templates\subSilver\images\folder_announce_new.gif --> shiftx.edgehost.net /httpdocs/alexis/templates/subSilver/images folder_announce_new.gif
2003.11.05 16:18 B E:\Documents and Settings\Andrew\Desktop\alexis\templates\subSilver\images\folder_big.gif --> shiftx.edgehost.net /httpdocs/alexis/templates/subSilver/images folder_big.gif
2003.11.05 16:18 B E:\Documents and Settings\Andrew\Desktop\alexis\templates\subSilver\images\folder_hot.gif --> shiftx.edgehost.net /httpdocs/alexis/templates/subSilver/images folder_hot.gif
2003.11.05 16:18 B E:\Documents and Settings\Andrew\Desktop\alexis\templates\subSilver\images\folder_lock.gif --> shiftx.edgehost.net /httpdocs/alexis/templates/subSilver/images folder_lock.gif
2003.11.05 16:18 B E:\Documents and Settings\Andrew\Desktop\alexis\templates\subSilver\images\folder_lock_new.gif --> shiftx.edgehost.net /httpdocs/alexis/templates/subSilver/images folder_lock_new.gif
2003.11.05 16:18 B E:\Documents and Settings\Andrew\Desktop\alexis\templates\subSilver\images\folder_locked_big.gif --> shiftx.edgehost.net /httpdocs/alexis/templates/subSilver/images folder_locked_big.gif
2003.11.05 16:18 B E:\Documents and Settings\Andrew\Desktop\alexis\templates\subSilver\images\folder_new.gif --> shiftx.edgehost.net /httpdocs/alexis/templates/subSilver/images folder_new.gif
2003.11.05 16:18 B E:\Documents and Settings\Andrew\Desktop\alexis\templates\subSilver\images\folder_new_big.gif --> shiftx.edgehost.net /httpdocs/alexis/templates/subSilver/images folder_new_big.gif
2003.11.05 16:18 B E:\Documents and Settings\Andrew\Desktop\alexis\templates\subSilver\images\folder_new_hot.gif --> shiftx.edgehost.net /httpdocs/alexis/templates/subSilver/images folder_new_hot.gif
2003.11.05 16:18 B E:\Documents and Settings\Andrew\Desktop\alexis\templates\subSilver\images\folder_sticky.gif --> shiftx.edgehost.net /httpdocs/alexis/templates/subSilver/images folder_sticky.gif
2003.11.05 16:18 B E:\Documents and Settings\Andrew\Desktop\alexis\templates\subSilver\images\folder_sticky_new.gif --> shiftx.edgehost.net /httpdocs/alexis/templates/subSilver/images folder_sticky_new.gif
2003.11.05 16:18 B E:\Documents and Settings\Andrew\Desktop\alexis\templates\subSilver\images\icon_delete.gif --> shiftx.edgehost.net /httpdocs/alexis/templates/subSilver/images icon_delete.gif
2003.11.05 16:18 B E:\Documents and Settings\Andrew\Desktop\alexis\templates\subSilver\images\icon_latest_reply.gif --> shiftx.edgehost.net /httpdocs/alexis/templates/subSilver/images icon_latest_reply.gif
2003.11.05 16:18 B E:\Documents and Settings\Andrew\Desktop\alexis\templates\subSilver\images\icon_mini_faq.gif --> shiftx.edgehost.net /httpdocs/alexis/templates/subSilver/images icon_mini_faq.gif
2003.11.05 16:18 B E:\Documents and Settings\Andrew\Desktop\alexis\templates\subSilver\images\icon_mini_groups.gif --> shiftx.edgehost.net /httpdocs/alexis/templates/subSilver/images icon_mini_groups.gif
2003.11.05 16:18 B E:\Documents and Settings\Andrew\Desktop\alexis\templates\subSilver\images\icon_mini_login.gif --> shiftx.edgehost.net /httpdocs/alexis/templates/subSilver/images icon_mini_login.gif
2003.11.05 16:18 B E:\Documents and Settings\Andrew\Desktop\alexis\templates\subSilver\images\icon_mini_members.gif --> shiftx.edgehost.net /httpdocs/alexis/templates/subSilver/images icon_mini_members.gif
2003.11.05 16:18 B E:\Documents and Settings\Andrew\Desktop\alexis\templates\subSilver\images\icon_mini_message.gif --> shiftx.edgehost.net /httpdocs/alexis/templates/subSilver/images icon_mini_message.gif
2003.11.05 16:18 B E:\Documents and Settings\Andrew\Desktop\alexis\templates\subSilver\images\icon_mini_profile.gif --> shiftx.edgehost.net /httpdocs/alexis/templates/subSilver/images icon_mini_profile.gif
2003.11.05 16:18 B E:\Documents and Settings\Andrew\Desktop\alexis\templates\subSilver\images\icon_mini_register.gif --> shiftx.edgehost.net /httpdocs/alexis/templates/subSilver/images icon_mini_register.gif
2003.11.05 16:18 B E:\Documents and Settings\Andrew\Desktop\alexis\templates\subSilver\images\icon_mini_search.gif --> shiftx.edgehost.net /httpdocs/alexis/templates/subSilver/images icon_mini_search.gif
2003.11.05 16:18 B E:\Documents and Settings\Andrew\Desktop\alexis\templates\subSilver\images\icon_minipost.gif --> shiftx.edgehost.net /httpdocs/alexis/templates/subSilver/images icon_minipost.gif
2003.11.05 16:18 B E:\Documents and Settings\Andrew\Desktop\alexis\templates\subSilver\images\icon_minipost_new.gif --> shiftx.edgehost.net /httpdocs/alexis/templates/subSilver/images icon_minipost_new.gif
2003.11.05 16:18 B E:\Documents and Settings\Andrew\Desktop\alexis\templates\subSilver\images\icon_newest_reply.gif --> shiftx.edgehost.net /httpdocs/alexis/templates/subSilver/images icon_newest_reply.gif
2003.11.05 16:18 B E:\Documents and Settings\Andrew\Desktop\alexis\templates\subSilver\images\index.htm --> shiftx.edgehost.net /httpdocs/alexis/templates/subSilver/images index.htm
2003.11.05 16:18 B E:\Documents and Settings\Andrew\Desktop\alexis\templates\subSilver\images\logo_phpBB.gif --> shiftx.edgehost.net /httpdocs/alexis/templates/subSilver/images logo_phpBB.gif
2003.11.05 16:18 B E:\Documents and Settings\Andrew\Desktop\alexis\templates\subSilver\images\logo_phpBB_med.gif --> shiftx.edgehost.net /httpdocs/alexis/templates/subSilver/images logo_phpBB_med.gif
2003.11.05 16:18 B E:\Documents and Settings\Andrew\Desktop\alexis\templates\subSilver\images\msg_inbox.gif --> shiftx.edgehost.net /httpdocs/alexis/templates/subSilver/images msg_inbox.gif
2003.11.05 16:18 B E:\Documents and Settings\Andrew\Desktop\alexis\templates\subSilver\images\msg_outbox.gif --> shiftx.edgehost.net /httpdocs/alexis/templates/subSilver/images msg_outbox.gif
2003.11.05 16:18 B E:\Documents and Settings\Andrew\Desktop\alexis\templates\subSilver\images\msg_savebox.gif --> shiftx.edgehost.net /httpdocs/alexis/templates/subSilver/images msg_savebox.gif
2003.11.05 16:18 B E:\Documents and Settings\Andrew\Desktop\alexis\templates\subSilver\images\msg_sentbox.gif --> shiftx.edgehost.net /httpdocs/alexis/templates/subSilver/images msg_sentbox.gif
2003.11.05 16:18 B E:\Documents and Settings\Andrew\Desktop\alexis\templates\subSilver\images\spacer.gif --> shiftx.edgehost.net /httpdocs/alexis/templates/subSilver/images spacer.gif
2003.11.05 16:18 B E:\Documents and Settings\Andrew\Desktop\alexis\templates\subSilver\images\topic_delete.gif --> shiftx.edgehost.net /httpdocs/alexis/templates/subSilver/images topic_delete.gif
2003.11.05 16:18 B E:\Documents and Settings\Andrew\Desktop\alexis\templates\subSilver\images\topic_lock.gif --> shiftx.edgehost.net /httpdocs/alexis/templates/subSilver/images topic_lock.gif
2003.11.05 16:18 B E:\Documents and Settings\Andrew\Desktop\alexis\templates\subSilver\images\topic_move.gif --> shiftx.edgehost.net /httpdocs/alexis/templates/subSilver/images topic_move.gif
2003.11.05 16:18 B E:\Documents and Settings\Andrew\Desktop\alexis\templates\subSilver\images\topic_split.gif --> shiftx.edgehost.net /httpdocs/alexis/templates/subSilver/images topic_split.gif
2003.11.05 16:18 B E:\Documents and Settings\Andrew\Desktop\alexis\templates\subSilver\images\topic_unlock.gif --> shiftx.edgehost.net /httpdocs/alexis/templates/subSilver/images topic_unlock.gif
2003.11.05 16:18 B E:\Documents and Settings\Andrew\Desktop\alexis\templates\subSilver\images\vote_lcap.gif --> shiftx.edgehost.net /httpdocs/alexis/templates/subSilver/images vote_lcap.gif
2003.11.05 16:18 B E:\Documents and Settings\Andrew\Desktop\alexis\templates\subSilver\images\vote_rcap.gif --> shiftx.edgehost.net /httpdocs/alexis/templates/subSilver/images vote_rcap.gif
2003.11.05 16:18 B E:\Documents and Settings\Andrew\Desktop\alexis\templates\subSilver\images\voting_bar.gif --> shiftx.edgehost.net /httpdocs/alexis/templates/subSilver/images voting_bar.gif
2003.11.05 16:18 B E:\Documents and Settings\Andrew\Desktop\alexis\templates\subSilver\images\whosonline.gif --> shiftx.edgehost.net /httpdocs/alexis/templates/subSilver/images whosonline.gif
2003.11.05 16:18 B E:\Documents and Settings\Andrew\Desktop\alexis\templates\subSilver\images\WS_FTP.LOG --> shiftx.edgehost.net /httpdocs/alexis/templates/subSilver/images WS_FTP.LOG
2003.11.05 19:48 B E:\Documents and Settings\Andrew\Desktop\alexis\templates\subSilver\images\cellpic.gif --> ftp.shiftx.edgehost.net /templates/subSilver/images cellpic.gif
2003.11.05 19:48 B E:\Documents and Settings\Andrew\Desktop\alexis\templates\subSilver\images\cellpic1.gif --> ftp.shiftx.edgehost.net /templates/subSilver/images cellpic1.gif
2003.11.05 19:48 B E:\Documents and Settings\Andrew\Desktop\alexis\templates\subSilver\images\cellpic2.jpg --> ftp.shiftx.edgehost.net /templates/subSilver/images cellpic2.jpg
2003.11.05 19:48 B E:\Documents and Settings\Andrew\Desktop\alexis\templates\subSilver\images\cellpic3.gif --> ftp.shiftx.edgehost.net /templates/subSilver/images cellpic3.gif
2003.11.05 19:48 B E:\Documents and Settings\Andrew\Desktop\alexis\templates\subSilver\images\created_by.jpg --> ftp.shiftx.edgehost.net /templates/subSilver/images created_by.jpg
2003.11.05 19:48 B E:\Documents and Settings\Andrew\Desktop\alexis\templates\subSilver\images\folder.gif --> ftp.shiftx.edgehost.net /templates/subSilver/images folder.gif
2003.11.05 19:48 B E:\Documents and Settings\Andrew\Desktop\alexis\templates\subSilver\images\folder_announce.gif --> ftp.shiftx.edgehost.net /templates/subSilver/images folder_announce.gif
2003.11.05 19:48 B E:\Documents and Settings\Andrew\Desktop\alexis\templates\subSilver\images\folder_announce_new.gif --> ftp.shiftx.edgehost.net /templates/subSilver/images folder_announce_new.gif
2003.11.05 19:48 B E:\Documents and Settings\Andrew\Desktop\alexis\templates\subSilver\images\folder_big.gif --> ftp.shiftx.edgehost.net /templates/subSilver/images folder_big.gif
2003.11.05 19:48 B E:\Documents and Settings\Andrew\Desktop\alexis\templates\subSilver\images\folder_hot.gif --> ftp.shiftx.edgehost.net /templates/subSilver/images folder_hot.gif
2003.11.05 19:49 B E:\Documents and Settings\Andrew\Desktop\alexis\templates\subSilver\images\folder_lock.gif --> ftp.shiftx.edgehost.net /templates/subSilver/images folder_lock.gif
2003.11.05 19:49 B E:\Documents and Settings\Andrew\Desktop\alexis\templates\subSilver\images\folder_lock_new.gif --> ftp.shiftx.edgehost.net /templates/subSilver/images folder_lock_new.gif
2003.11.05 19:49 B E:\Documents and Settings\Andrew\Desktop\alexis\templates\subSilver\images\folder_locked_big.gif --> ftp.shiftx.edgehost.net /templates/subSilver/images folder_locked_big.gif
2003.11.05 19:49 B E:\Documents and Settings\Andrew\Desktop\alexis\templates\subSilver\images\folder_new.gif --> ftp.shiftx.edgehost.net /templates/subSilver/images folder_new.gif
2003.11.05 19:49 B E:\Documents and Settings\Andrew\Desktop\alexis\templates\subSilver\images\folder_new_big.gif --> ftp.shiftx.edgehost.net /templates/subSilver/images folder_new_big.gif
2003.11.05 19:49 B E:\Documents and Settings\Andrew\Desktop\alexis\templates\subSilver\images\folder_new_hot.gif --> ftp.shiftx.edgehost.net /templates/subSilver/images folder_new_hot.gif
2003.11.05 19:49 B E:\Documents and Settings\Andrew\Desktop\alexis\templates\subSilver\images\folder_sticky.gif --> ftp.shiftx.edgehost.net /templates/subSilver/images folder_sticky.gif
2003.11.05 19:49 B E:\Documents and Settings\Andrew\Desktop\alexis\templates\subSilver\images\folder_sticky_new.gif --> ftp.shiftx.edgehost.net /templates/subSilver/images folder_sticky_new.gif
2003.11.05 19:49 B E:\Documents and Settings\Andrew\Desktop\alexis\templates\subSilver\images\icon_delete.gif --> ftp.shiftx.edgehost.net /templates/subSilver/images icon_delete.gif
2003.11.05 19:49 B E:\Documents and Settings\Andrew\Desktop\alexis\templates\subSilver\images\icon_latest_reply.gif --> ftp.shiftx.edgehost.net /templates/subSilver/images icon_latest_reply.gif
2003.11.05 19:49 B E:\Documents and Settings\Andrew\Desktop\alexis\templates\subSilver\images\icon_mini_faq.gif --> ftp.shiftx.edgehost.net /templates/subSilver/images icon_mini_faq.gif
2003.11.05 19:49 B E:\Documents and Settings\Andrew\Desktop\alexis\templates\subSilver\images\icon_mini_groups.gif --> ftp.shiftx.edgehost.net /templates/subSilver/images icon_mini_groups.gif
2003.11.05 19:49 B E:\Documents and Settings\Andrew\Desktop\alexis\templates\subSilver\images\icon_mini_login.gif --> ftp.shiftx.edgehost.net /templates/subSilver/images icon_mini_login.gif
2003.11.05 19:49 B E:\Documents and Settings\Andrew\Desktop\alexis\templates\subSilver\images\icon_mini_members.gif --> ftp.shiftx.edgehost.net /templates/subSilver/images icon_mini_members.gif
2003.11.05 19:49 B E:\Documents and Settings\Andrew\Desktop\alexis\templates\subSilver\images\icon_mini_message.gif --> ftp.shiftx.edgehost.net /templates/subSilver/images icon_mini_message.gif
2003.11.05 19:49 B E:\Documents and Settings\Andrew\Desktop\alexis\templates\subSilver\images\icon_mini_profile.gif --> ftp.shiftx.edgehost.net /templates/subSilver/images icon_mini_profile.gif
2003.11.05 19:49 B E:\Documents and Settings\Andrew\Desktop\alexis\templates\subSilver\images\icon_mini_register.gif --> ftp.shiftx.edgehost.net /templates/subSilver/images icon_mini_register.gif
2003.11.05 19:49 B E:\Documents and Settings\Andrew\Desktop\alexis\templates\subSilver\images\icon_mini_search.gif --> ftp.shiftx.edgehost.net /templates/subSilver/images icon_mini_search.gif
2003.11.05 19:49 B E:\Documents and Settings\Andrew\Desktop\alexis\templates\subSilver\images\icon_minipost.gif --> ftp.shiftx.edgehost.net /templates/subSilver/images icon_minipost.gif
2003.11.05 19:49 B E:\Documents and Settings\Andrew\Desktop\alexis\templates\subSilver\images\icon_minipost_new.gif --> ftp.shiftx.edgehost.net /templates/subSilver/images icon_minipost_new.gif
2003.11.05 19:49 B E:\Documents and Settings\Andrew\Desktop\alexis\templates\subSilver\images\icon_newest_reply.gif --> ftp.shiftx.edgehost.net /templates/subSilver/images icon_newest_reply.gif
2003.11.05 19:49 B E:\Documents and Settings\Andrew\Desktop\alexis\templates\subSilver\images\index.htm --> ftp.shiftx.edgehost.net /templates/subSilver/images index.htm
2003.11.05 19:49 B E:\Documents and Settings\Andrew\Desktop\alexis\templates\subSilver\images\logo_phpBB.gif --> ftp.shiftx.edgehost.net /templates/subSilver/images logo_phpBB.gif
2003.11.05 19:49 B E:\Documents and Settings\Andrew\Desktop\alexis\templates\subSilver\images\logo_phpBB_med.gif --> ftp.shiftx.edgehost.net /templates/subSilver/images logo_phpBB_med.gif
2003.11.05 19:49 B E:\Documents and Settings\Andrew\Desktop\alexis\templates\subSilver\images\msg_inbox.gif --> ftp.shiftx.edgehost.net /templates/subSilver/images msg_inbox.gif
2003.11.05 19:49 B E:\Documents and Settings\Andrew\Desktop\alexis\templates\subSilver\images\msg_outbox.gif --> ftp.shiftx.edgehost.net /templates/subSilver/images msg_outbox.gif
2003.11.05 19:49 B E:\Documents and Settings\Andrew\Desktop\alexis\templates\subSilver\images\msg_savebox.gif --> ftp.shiftx.edgehost.net /templates/subSilver/images msg_savebox.gif
2003.11.05 19:49 B E:\Documents and Settings\Andrew\Desktop\alexis\templates\subSilver\images\msg_sentbox.gif --> ftp.shiftx.edgehost.net /templates/subSilver/images msg_sentbox.gif
2003.11.05 19:49 B E:\Documents and Settings\Andrew\Desktop\alexis\templates\subSilver\images\spacer.gif --> ftp.shiftx.edgehost.net /templates/subSilver/images spacer.gif
2003.11.05 19:49 B E:\Documents and Settings\Andrew\Desktop\alexis\templates\subSilver\images\topic_delete.gif --> ftp.shiftx.edgehost.net /templates/subSilver/images topic_delete.gif
2003.11.05 19:49 B E:\Documents and Settings\Andrew\Desktop\alexis\templates\subSilver\images\topic_lock.gif --> ftp.shiftx.edgehost.net /templates/subSilver/images topic_lock.gif
2003.11.05 19:49 B E:\Documents and Settings\Andrew\Desktop\alexis\templates\subSilver\images\topic_move.gif --> ftp.shiftx.edgehost.net /templates/subSilver/images topic_move.gif
2003.11.05 19:49 B E:\Documents and Settings\Andrew\Desktop\alexis\templates\subSilver\images\topic_split.gif --> ftp.shiftx.edgehost.net /templates/subSilver/images topic_split.gif
2003.11.05 19:49 B E:\Documents and Settings\Andrew\Desktop\alexis\templates\subSilver\images\topic_unlock.gif --> ftp.shiftx.edgehost.net /templates/subSilver/images topic_unlock.gif
2003.11.05 19:49 B E:\Documents and Settings\Andrew\Desktop\alexis\templates\subSilver\images\vote_lcap.gif --> ftp.shiftx.edgehost.net /templates/subSilver/images vote_lcap.gif
2003.11.05 19:49 B E:\Documents and Settings\Andrew\Desktop\alexis\templates\subSilver\images\vote_rcap.gif --> ftp.shiftx.edgehost.net /templates/subSilver/images vote_rcap.gif
2003.11.05 19:49 B E:\Documents and Settings\Andrew\Desktop\alexis\templates\subSilver\images\voting_bar.gif --> ftp.shiftx.edgehost.net /templates/subSilver/images voting_bar.gif
2003.11.05 19:49 B E:\Documents and Settings\Andrew\Desktop\alexis\templates\subSilver\images\whosonline.gif --> ftp.shiftx.edgehost.net /templates/subSilver/images whosonline.gif
2003.11.05 19:49 B E:\Documents and Settings\Andrew\Desktop\alexis\templates\subSilver\images\WS_FTP.LOG --> ftp.shiftx.edgehost.net /templates/subSilver/images WS_FTP.LOG
2003.11.05 19:57 B E:\Documents and Settings\Andrew\Desktop\alexis\templates\subSilver\images\cellpic.gif --> ftp.shiftx.edgehost.net /alexis/templates/subSilver/images cellpic.gif
2003.11.05 19:57 B E:\Documents and Settings\Andrew\Desktop\alexis\templates\subSilver\images\cellpic1.gif --> ftp.shiftx.edgehost.net /alexis/templates/subSilver/images cellpic1.gif
2003.11.05 19:57 B E:\Documents and Settings\Andrew\Desktop\alexis\templates\subSilver\images\cellpic2.jpg --> ftp.shiftx.edgehost.net /alexis/templates/subSilver/images cellpic2.jpg
2003.11.05 19:57 B E:\Documents and Settings\Andrew\Desktop\alexis\templates\subSilver\images\cellpic3.gif --> ftp.shiftx.edgehost.net /alexis/templates/subSilver/images cellpic3.gif
2003.11.05 19:57 B E:\Documents and Settings\Andrew\Desktop\alexis\templates\subSilver\images\created_by.jpg --> ftp.shiftx.edgehost.net /alexis/templates/subSilver/images created_by.jpg
2003.11.05 19:57 B E:\Documents and Settings\Andrew\Desktop\alexis\templates\subSilver\images\folder.gif --> ftp.shiftx.edgehost.net /alexis/templates/subSilver/images folder.gif
2003.11.05 19:57 B E:\Documents and Settings\Andrew\Desktop\alexis\templates\subSilver\images\folder_announce.gif --> ftp.shiftx.edgehost.net /alexis/templates/subSilver/images folder_announce.gif
2003.11.05 19:57 B E:\Documents and Settings\Andrew\Desktop\alexis\templates\subSilver\images\folder_announce_new.gif --> ftp.shiftx.edgehost.net /alexis/templates/subSilver/images folder_announce_new.gif
2003.11.05 19:57 B E:\Documents and Settings\Andrew\Desktop\alexis\templates\subSilver\images\folder_big.gif --> ftp.shiftx.edgehost.net /alexis/templates/subSilver/images folder_big.gif
2003.11.05 19:57 B E:\Documents and Settings\Andrew\Desktop\alexis\templates\subSilver\images\folder_hot.gif --> ftp.shiftx.edgehost.net /alexis/templates/subSilver/images folder_hot.gif
2003.11.05 19:57 B E:\Documents and Settings\Andrew\Desktop\alexis\templates\subSilver\images\folder_lock.gif --> ftp.shiftx.edgehost.net /alexis/templates/subSilver/images folder_lock.gif
2003.11.05 19:57 B E:\Documents and Settings\Andrew\Desktop\alexis\templates\subSilver\images\folder_lock_new.gif --> ftp.shiftx.edgehost.net /alexis/templates/subSilver/images folder_lock_new.gif
2003.11.05 19:57 B E:\Documents and Settings\Andrew\Desktop\alexis\templates\subSilver\images\folder_locked_big.gif --> ftp.shiftx.edgehost.net /alexis/templates/subSilver/images folder_locked_big.gif
2003.11.05 19:57 B E:\Documents and Settings\Andrew\Desktop\alexis\templates\subSilver\images\folder_new.gif --> ftp.shiftx.edgehost.net /alexis/templates/subSilver/images folder_new.gif
2003.11.05 19:57 B E:\Documents and Settings\Andrew\Desktop\alexis\templates\subSilver\images\folder_new_big.gif --> ftp.shiftx.edgehost.net /alexis/templates/subSilver/images folder_new_big.gif
2003.11.05 19:57 B E:\Documents and Settings\Andrew\Desktop\alexis\templates\subSilver\images\folder_new_hot.gif --> ftp.shiftx.edgehost.net /alexis/templates/subSilver/images folder_new_hot.gif
2003.11.05 19:58 B E:\Documents and Settings\Andrew\Desktop\alexis\templates\subSilver\images\folder_sticky.gif --> ftp.shiftx.edgehost.net /alexis/templates/subSilver/images folder_sticky.gif
2003.11.05 19:58 B E:\Documents and Settings\Andrew\Desktop\alexis\templates\subSilver\images\folder_sticky_new.gif --> ftp.shiftx.edgehost.net /alexis/templates/subSilver/images folder_sticky_new.gif
2003.11.05 19:58 B E:\Documents and Settings\Andrew\Desktop\alexis\templates\subSilver\images\icon_delete.gif --> ftp.shiftx.edgehost.net /alexis/templates/subSilver/images icon_delete.gif
2003.11.05 19:58 B E:\Documents and Settings\Andrew\Desktop\alexis\templates\subSilver\images\icon_latest_reply.gif --> ftp.shiftx.edgehost.net /alexis/templates/subSilver/images icon_latest_reply.gif
2003.11.05 19:58 B E:\Documents and Settings\Andrew\Desktop\alexis\templates\subSilver\images\icon_mini_faq.gif --> ftp.shiftx.edgehost.net /alexis/templates/subSilver/images icon_mini_faq.gif
2003.11.05 19:58 B E:\Documents and Settings\Andrew\Desktop\alexis\templates\subSilver\images\icon_mini_groups.gif --> ftp.shiftx.edgehost.net /alexis/templates/subSilver/images icon_mini_groups.gif
2003.11.05 19:58 B E:\Documents and Settings\Andrew\Desktop\alexis\templates\subSilver\images\icon_mini_login.gif --> ftp.shiftx.edgehost.net /alexis/templates/subSilver/images icon_mini_login.gif
2003.11.05 19:58 B E:\Documents and Settings\Andrew\Desktop\alexis\templates\subSilver\images\icon_mini_members.gif --> ftp.shiftx.edgehost.net /alexis/templates/subSilver/images icon_mini_members.gif
2003.11.05 19:58 B E:\Documents and Settings\Andrew\Desktop\alexis\templates\subSilver\images\icon_mini_message.gif --> ftp.shiftx.edgehost.net /alexis/templates/subSilver/images icon_mini_message.gif
2003.11.05 19:58 B E:\Documents and Settings\Andrew\Desktop\alexis\templates\subSilver\images\icon_mini_profile.gif --> ftp.shiftx.edgehost.net /alexis/templates/subSilver/images icon_mini_profile.gif
2003.11.05 19:58 B E:\Documents and Settings\Andrew\Desktop\alexis\templates\subSilver\images\icon_mini_register.gif --> ftp.shiftx.edgehost.net /alexis/templates/subSilver/images icon_mini_register.gif
2003.11.05 19:58 B E:\Documents and Settings\Andrew\Desktop\alexis\templates\subSilver\images\icon_mini_search.gif --> ftp.shiftx.edgehost.net /alexis/templates/subSilver/images icon_mini_search.gif
2003.11.05 19:58 B E:\Documents and Settings\Andrew\Desktop\alexis\templates\subSilver\images\icon_minipost.gif --> ftp.shiftx.edgehost.net /alexis/templates/subSilver/images icon_minipost.gif
2003.11.05 19:58 B E:\Documents and Settings\Andrew\Desktop\alexis\templates\subSilver\images\icon_minipost_new.gif --> ftp.shiftx.edgehost.net /alexis/templates/subSilver/images icon_minipost_new.gif
2003.11.05 19:58 B E:\Documents and Settings\Andrew\Desktop\alexis\templates\subSilver\images\icon_newest_reply.gif --> ftp.shiftx.edgehost.net /alexis/templates/subSilver/images icon_newest_reply.gif
2003.11.05 19:58 B E:\Documents and Settings\Andrew\Desktop\alexis\templates\subSilver\images\index.htm --> ftp.shiftx.edgehost.net /alexis/templates/subSilver/images index.htm
2003.11.05 19:58 B E:\Documents and Settings\Andrew\Desktop\alexis\templates\subSilver\images\logo_phpBB.gif --> ftp.shiftx.edgehost.net /alexis/templates/subSilver/images logo_phpBB.gif
2003.11.05 19:58 B E:\Documents and Settings\Andrew\Desktop\alexis\templates\subSilver\images\logo_phpBB_med.gif --> ftp.shiftx.edgehost.net /alexis/templates/subSilver/images logo_phpBB_med.gif
2003.11.05 19:58 B E:\Documents and Settings\Andrew\Desktop\alexis\templates\subSilver\images\msg_inbox.gif --> ftp.shiftx.edgehost.net /alexis/templates/subSilver/images msg_inbox.gif
2003.11.05 19:58 B E:\Documents and Settings\Andrew\Desktop\alexis\templates\subSilver\images\msg_outbox.gif --> ftp.shiftx.edgehost.net /alexis/templates/subSilver/images msg_outbox.gif
2003.11.05 19:58 B E:\Documents and Settings\Andrew\Desktop\alexis\templates\subSilver\images\msg_savebox.gif --> ftp.shiftx.edgehost.net /alexis/templates/subSilver/images msg_savebox.gif
2003.11.05 19:58 B E:\Documents and Settings\Andrew\Desktop\alexis\templates\subSilver\images\msg_sentbox.gif --> ftp.shiftx.edgehost.net /alexis/templates/subSilver/images msg_sentbox.gif
2003.11.05 19:58 B E:\Documents and Settings\Andrew\Desktop\alexis\templates\subSilver\images\spacer.gif --> ftp.shiftx.edgehost.net /alexis/templates/subSilver/images spacer.gif
2003.11.05 19:58 B E:\Documents and Settings\Andrew\Desktop\alexis\templates\subSilver\images\topic_delete.gif --> ftp.shiftx.edgehost.net /alexis/templates/subSilver/images topic_delete.gif
2003.11.05 19:58 B E:\Documents and Settings\Andrew\Desktop\alexis\templates\subSilver\images\topic_lock.gif --> ftp.shiftx.edgehost.net /alexis/templates/subSilver/images topic_lock.gif
2003.11.05 19:58 B E:\Documents and Settings\Andrew\Desktop\alexis\templates\subSilver\images\topic_move.gif --> ftp.shiftx.edgehost.net /alexis/templates/subSilver/images topic_move.gif
2003.11.05 19:58 B E:\Documents and Settings\Andrew\Desktop\alexis\templates\subSilver\images\topic_split.gif --> ftp.shiftx.edgehost.net /alexis/templates/subSilver/images topic_split.gif
2003.11.05 19:58 B E:\Documents and Settings\Andrew\Desktop\alexis\templates\subSilver\images\topic_unlock.gif --> ftp.shiftx.edgehost.net /alexis/templates/subSilver/images topic_unlock.gif
2003.11.05 19:58 B E:\Documents and Settings\Andrew\Desktop\alexis\templates\subSilver\images\vote_lcap.gif --> ftp.shiftx.edgehost.net /alexis/templates/subSilver/images vote_lcap.gif
2003.11.05 19:58 B E:\Documents and Settings\Andrew\Desktop\alexis\templates\subSilver\images\vote_rcap.gif --> ftp.shiftx.edgehost.net /alexis/templates/subSilver/images vote_rcap.gif
2003.11.05 19:58 B E:\Documents and Settings\Andrew\Desktop\alexis\templates\subSilver\images\voting_bar.gif --> ftp.shiftx.edgehost.net /alexis/templates/subSilver/images voting_bar.gif
2003.11.05 19:58 B E:\Documents and Settings\Andrew\Desktop\alexis\templates\subSilver\images\whosonline.gif --> ftp.shiftx.edgehost.net /alexis/templates/subSilver/images whosonline.gif
2003.11.05 19:58 B E:\Documents and Settings\Andrew\Desktop\alexis\templates\subSilver\images\WS_FTP.LOG --> ftp.shiftx.edgehost.net /alexis/templates/subSilver/images WS_FTP.LOG
2003.11.05 20:08 B E:\Documents and Settings\Andrew\Desktop\alexis\templates\subSilver\images\cellpic.gif --> ftp.dosgames.com /web/alexis/templates/subSilver/images cellpic.gif
2003.11.05 20:08 B E:\Documents and Settings\Andrew\Desktop\alexis\templates\subSilver\images\cellpic1.gif --> ftp.dosgames.com /web/alexis/templates/subSilver/images cellpic1.gif
2003.11.05 20:08 B E:\Documents and Settings\Andrew\Desktop\alexis\templates\subSilver\images\cellpic2.jpg --> ftp.dosgames.com /web/alexis/templates/subSilver/images cellpic2.jpg
2003.11.05 20:08 B E:\Documents and Settings\Andrew\Desktop\alexis\templates\subSilver\images\cellpic3.gif --> ftp.dosgames.com /web/alexis/templates/subSilver/images cellpic3.gif
2003.11.05 20:08 B E:\Documents and Settings\Andrew\Desktop\alexis\templates\subSilver\images\created_by.jpg --> ftp.dosgames.com /web/alexis/templates/subSilver/images created_by.jpg
2003.11.05 20:08 B E:\Documents and Settings\Andrew\Desktop\alexis\templates\subSilver\images\folder.gif --> ftp.dosgames.com /web/alexis/templates/subSilver/images folder.gif
2003.11.05 20:08 B E:\Documents and Settings\Andrew\Desktop\alexis\templates\subSilver\images\folder_announce.gif --> ftp.dosgames.com /web/alexis/templates/subSilver/images folder_announce.gif
2003.11.05 20:08 B E:\Documents and Settings\Andrew\Desktop\alexis\templates\subSilver\images\folder_announce_new.gif --> ftp.dosgames.com /web/alexis/templates/subSilver/images folder_announce_new.gif
2003.11.05 20:08 B E:\Documents and Settings\Andrew\Desktop\alexis\templates\subSilver\images\folder_big.gif --> ftp.dosgames.com /web/alexis/templates/subSilver/images folder_big.gif
2003.11.05 20:08 B E:\Documents and Settings\Andrew\Desktop\alexis\templates\subSilver\images\folder_hot.gif --> ftp.dosgames.com /web/alexis/templates/subSilver/images folder_hot.gif
2003.11.05 20:08 B E:\Documents and Settings\Andrew\Desktop\alexis\templates\subSilver\images\folder_lock.gif --> ftp.dosgames.com /web/alexis/templates/subSilver/images folder_lock.gif
2003.11.05 20:08 B E:\Documents and Settings\Andrew\Desktop\alexis\templates\subSilver\images\folder_lock_new.gif --> ftp.dosgames.com /web/alexis/templates/subSilver/images folder_lock_new.gif
2003.11.05 20:08 B E:\Documents and Settings\Andrew\Desktop\alexis\templates\subSilver\images\folder_locked_big.gif --> ftp.dosgames.com /web/alexis/templates/subSilver/images folder_locked_big.gif
2003.11.05 20:08 B E:\Documents and Settings\Andrew\Desktop\alexis\templates\subSilver\images\folder_new.gif --> ftp.dosgames.com /web/alexis/templates/subSilver/images folder_new.gif
2003.11.05 20:08 B E:\Documents and Settings\Andrew\Desktop\alexis\templates\subSilver\images\folder_new_big.gif --> ftp.dosgames.com /web/alexis/templates/subSilver/images folder_new_big.gif
2003.11.05 20:08 B E:\Documents and Settings\Andrew\Desktop\alexis\templates\subSilver\images\folder_new_hot.gif --> ftp.dosgames.com /web/alexis/templates/subSilver/images folder_new_hot.gif
2003.11.05 20:08 B E:\Documents and Settings\Andrew\Desktop\alexis\templates\subSilver\images\folder_sticky.gif --> ftp.dosgames.com /web/alexis/templates/subSilver/images folder_sticky.gif
2003.11.05 20:08 B E:\Documents and Settings\Andrew\Desktop\alexis\templates\subSilver\images\folder_sticky_new.gif --> ftp.dosgames.com /web/alexis/templates/subSilver/images folder_sticky_new.gif
2003.11.05 20:08 B E:\Documents and Settings\Andrew\Desktop\alexis\templates\subSilver\images\icon_delete.gif --> ftp.dosgames.com /web/alexis/templates/subSilver/images icon_delete.gif
2003.11.05 20:08 B E:\Documents and Settings\Andrew\Desktop\alexis\templates\subSilver\images\icon_latest_reply.gif --> ftp.dosgames.com /web/alexis/templates/subSilver/images icon_latest_reply.gif
2003.11.05 20:08 B E:\Documents and Settings\Andrew\Desktop\alexis\templates\subSilver\images\icon_mini_faq.gif --> ftp.dosgames.com /web/alexis/templates/subSilver/images icon_mini_faq.gif
2003.11.05 20:08 B E:\Documents and Settings\Andrew\Desktop\alexis\templates\subSilver\images\icon_mini_groups.gif --> ftp.dosgames.com /web/alexis/templates/subSilver/images icon_mini_groups.gif
2003.11.05 20:08 B E:\Documents and Settings\Andrew\Desktop\alexis\templates\subSilver\images\icon_mini_login.gif --> ftp.dosgames.com /web/alexis/templates/subSilver/images icon_mini_login.gif
2003.11.05 20:08 B E:\Documents and Settings\Andrew\Desktop\alexis\templates\subSilver\images\icon_mini_members.gif --> ftp.dosgames.com /web/alexis/templates/subSilver/images icon_mini_members.gif
2003.11.05 20:08 B E:\Documents and Settings\Andrew\Desktop\alexis\templates\subSilver\images\icon_mini_message.gif --> ftp.dosgames.com /web/alexis/templates/subSilver/images icon_mini_message.gif
2003.11.05 20:08 B E:\Documents and Settings\Andrew\Desktop\alexis\templates\subSilver\images\icon_mini_profile.gif --> ftp.dosgames.com /web/alexis/templates/subSilver/images icon_mini_profile.gif
2003.11.05 20:08 B E:\Documents and Settings\Andrew\Desktop\alexis\templates\subSilver\images\icon_mini_register.gif --> ftp.dosgames.com /web/alexis/templates/subSilver/images icon_mini_register.gif
2003.11.05 20:08 B E:\Documents and Settings\Andrew\Desktop\alexis\templates\subSilver\images\icon_mini_search.gif --> ftp.dosgames.com /web/alexis/templates/subSilver/images icon_mini_search.gif
2003.11.05 20:08 B E:\Documents and Settings\Andrew\Desktop\alexis\templates\subSilver\images\icon_minipost.gif --> ftp.dosgames.com /web/alexis/templates/subSilver/images icon_minipost.gif
2003.11.05 20:08 B E:\Documents and Settings\Andrew\Desktop\alexis\templates\subSilver\images\icon_minipost_new.gif --> ftp.dosgames.com /web/alexis/templates/subSilver/images icon_minipost_new.gif
2003.11.05 20:08 B E:\Documents and Settings\Andrew\Desktop\alexis\templates\subSilver\images\icon_newest_reply.gif --> ftp.dosgames.com /web/alexis/templates/subSilver/images icon_newest_reply.gif
2003.11.05 20:08 B E:\Documents and Settings\Andrew\Desktop\alexis\templates\subSilver\images\index.htm --> ftp.dosgames.com /web/alexis/templates/subSilver/images index.htm
2003.11.05 20:08 B E:\Documents and Settings\Andrew\Desktop\alexis\templates\subSilver\images\logo_phpBB.gif --> ftp.dosgames.com /web/alexis/templates/subSilver/images logo_phpBB.gif
2003.11.05 20:08 B E:\Documents and Settings\Andrew\Desktop\alexis\templates\subSilver\images\logo_phpBB_med.gif --> ftp.dosgames.com /web/alexis/templates/subSilver/images logo_phpBB_med.gif
2003.11.05 20:08 B E:\Documents and Settings\Andrew\Desktop\alexis\templates\subSilver\images\msg_inbox.gif --> ftp.dosgames.com /web/alexis/templates/subSilver/images msg_inbox.gif
2003.11.05 20:08 B E:\Documents and Settings\Andrew\Desktop\alexis\templates\subSilver\images\msg_outbox.gif --> ftp.dosgames.com /web/alexis/templates/subSilver/images msg_outbox.gif
2003.11.05 20:08 B E:\Documents and Settings\Andrew\Desktop\alexis\templates\subSilver\images\msg_savebox.gif --> ftp.dosgames.com /web/alexis/templates/subSilver/images msg_savebox.gif
2003.11.05 20:08 B E:\Documents and Settings\Andrew\Desktop\alexis\templates\subSilver\images\msg_sentbox.gif --> ftp.dosgames.com /web/alexis/templates/subSilver/images msg_sentbox.gif
2003.11.05 20:08 B E:\Documents and Settings\Andrew\Desktop\alexis\templates\subSilver\images\spacer.gif --> ftp.dosgames.com /web/alexis/templates/subSilver/images spacer.gif
2003.11.05 20:08 B E:\Documents and Settings\Andrew\Desktop\alexis\templates\subSilver\images\topic_delete.gif --> ftp.dosgames.com /web/alexis/templates/subSilver/images topic_delete.gif
2003.11.05 20:08 B E:\Documents and Settings\Andrew\Desktop\alexis\templates\subSilver\images\topic_lock.gif --> ftp.dosgames.com /web/alexis/templates/subSilver/images topic_lock.gif
2003.11.05 20:08 B E:\Documents and Settings\Andrew\Desktop\alexis\templates\subSilver\images\topic_move.gif --> ftp.dosgames.com /web/alexis/templates/subSilver/images topic_move.gif
2003.11.05 20:08 B E:\Documents and Settings\Andrew\Desktop\alexis\templates\subSilver\images\topic_split.gif --> ftp.dosgames.com /web/alexis/templates/subSilver/images topic_split.gif
2003.11.05 20:08 B E:\Documents and Settings\Andrew\Desktop\alexis\templates\subSilver\images\topic_unlock.gif --> ftp.dosgames.com /web/alexis/templates/subSilver/images topic_unlock.gif
2003.11.05 20:08 B E:\Documents and Settings\Andrew\Desktop\alexis\templates\subSilver\images\vote_lcap.gif --> ftp.dosgames.com /web/alexis/templates/subSilver/images vote_lcap.gif
2003.11.05 20:08 B E:\Documents and Settings\Andrew\Desktop\alexis\templates\subSilver\images\vote_rcap.gif --> ftp.dosgames.com /web/alexis/templates/subSilver/images vote_rcap.gif
2003.11.05 20:08 B E:\Documents and Settings\Andrew\Desktop\alexis\templates\subSilver\images\voting_bar.gif --> ftp.dosgames.com /web/alexis/templates/subSilver/images voting_bar.gif
2003.11.05 20:08 B E:\Documents and Settings\Andrew\Desktop\alexis\templates\subSilver\images\whosonline.gif --> ftp.dosgames.com /web/alexis/templates/subSilver/images whosonline.gif
2003.11.05 20:08 B E:\Documents and Settings\Andrew\Desktop\alexis\templates\subSilver\images\WS_FTP.LOG --> ftp.dosgames.com /web/alexis/templates/subSilver/images WS_FTP.LOG
2003.11.05 20:13 B E:\Documents and Settings\Andrew\Desktop\alexisonfire\templates\subSilver\images\cellpic.gif --> shiftx.edgehost.net /httpdocs/alexisonfire/templates/subSilver/images cellpic.gif
2003.11.05 20:13 B E:\Documents and Settings\Andrew\Desktop\alexisonfire\templates\subSilver\images\cellpic1.gif --> shiftx.edgehost.net /httpdocs/alexisonfire/templates/subSilver/images cellpic1.gif
2003.11.05 20:13 B E:\Documents and Settings\Andrew\Desktop\alexisonfire\templates\subSilver\images\cellpic2.jpg --> shiftx.edgehost.net /httpdocs/alexisonfire/templates/subSilver/images cellpic2.jpg
2003.11.05 20:13 B E:\Documents and Settings\Andrew\Desktop\alexisonfire\templates\subSilver\images\cellpic3.gif --> shiftx.edgehost.net /httpdocs/alexisonfire/templates/subSilver/images cellpic3.gif
2003.11.05 20:13 B E:\Documents and Settings\Andrew\Desktop\alexisonfire\templates\subSilver\images\created_by.jpg --> shiftx.edgehost.net /httpdocs/alexisonfire/templates/subSilver/images created_by.jpg
2003.11.05 20:13 B E:\Documents and Settings\Andrew\Desktop\alexisonfire\templates\subSilver\images\folder.gif --> shiftx.edgehost.net /httpdocs/alexisonfire/templates/subSilver/images folder.gif
2003.11.05 20:13 B E:\Documents and Settings\Andrew\Desktop\alexisonfire\templates\subSilver\images\folder_announce.gif --> shiftx.edgehost.net /httpdocs/alexisonfire/templates/subSilver/images folder_announce.gif
2003.11.05 20:13 B E:\Documents and Settings\Andrew\Desktop\alexisonfire\templates\subSilver\images\folder_announce_new.gif --> shiftx.edgehost.net /httpdocs/alexisonfire/templates/subSilver/images folder_announce_new.gif
2003.11.05 20:13 B E:\Documents and Settings\Andrew\Desktop\alexisonfire\templates\subSilver\images\folder_big.gif --> shiftx.edgehost.net /httpdocs/alexisonfire/templates/subSilver/images folder_big.gif
2003.11.05 20:13 B E:\Documents and Settings\Andrew\Desktop\alexisonfire\templates\subSilver\images\folder_hot.gif --> shiftx.edgehost.net /httpdocs/alexisonfire/templates/subSilver/images folder_hot.gif
2003.11.05 20:13 B E:\Documents and Settings\Andrew\Desktop\alexisonfire\templates\subSilver\images\folder_lock.gif --> shiftx.edgehost.net /httpdocs/alexisonfire/templates/subSilver/images folder_lock.gif
2003.11.05 20:13 B E:\Documents and Settings\Andrew\Desktop\alexisonfire\templates\subSilver\images\folder_lock_new.gif --> shiftx.edgehost.net /httpdocs/alexisonfire/templates/subSilver/images folder_lock_new.gif
2003.11.05 20:13 B E:\Documents and Settings\Andrew\Desktop\alexisonfire\templates\subSilver\images\folder_locked_big.gif --> shiftx.edgehost.net /httpdocs/alexisonfire/templates/subSilver/images folder_locked_big.gif
2003.11.05 20:13 B E:\Documents and Settings\Andrew\Desktop\alexisonfire\templates\subSilver\images\folder_new.gif --> shiftx.edgehost.net /httpdocs/alexisonfire/templates/subSilver/images folder_new.gif
2003.11.05 20:13 B E:\Documents and Settings\Andrew\Desktop\alexisonfire\templates\subSilver\images\folder_new_big.gif --> shiftx.edgehost.net /httpdocs/alexisonfire/templates/subSilver/images folder_new_big.gif
2003.11.05 20:13 B E:\Documents and Settings\Andrew\Desktop\alexisonfire\templates\subSilver\images\folder_new_hot.gif --> shiftx.edgehost.net /httpdocs/alexisonfire/templates/subSilver/images folder_new_hot.gif
2003.11.05 20:13 B E:\Documents and Settings\Andrew\Desktop\alexisonfire\templates\subSilver\images\folder_sticky.gif --> shiftx.edgehost.net /httpdocs/alexisonfire/templates/subSilver/images folder_sticky.gif
2003.11.05 20:13 B E:\Documents and Settings\Andrew\Desktop\alexisonfire\templates\subSilver\images\folder_sticky_new.gif --> shiftx.edgehost.net /httpdocs/alexisonfire/templates/subSilver/images folder_sticky_new.gif
2003.11.05 20:13 B E:\Documents and Settings\Andrew\Desktop\alexisonfire\templates\subSilver\images\icon_delete.gif --> shiftx.edgehost.net /httpdocs/alexisonfire/templates/subSilver/images icon_delete.gif
2003.11.05 20:13 B E:\Documents and Settings\Andrew\Desktop\alexisonfire\templates\subSilver\images\icon_latest_reply.gif --> shiftx.edgehost.net /httpdocs/alexisonfire/templates/subSilver/images icon_latest_reply.gif
2003.11.05 20:13 B E:\Documents and Settings\Andrew\Desktop\alexisonfire\templates\subSilver\images\icon_mini_faq.gif --> shiftx.edgehost.net /httpdocs/alexisonfire/templates/subSilver/images icon_mini_faq.gif
2003.11.05 20:13 B E:\Documents and Settings\Andrew\Desktop\alexisonfire\templates\subSilver\images\icon_mini_groups.gif --> shiftx.edgehost.net /httpdocs/alexisonfire/templates/subSilver/images icon_mini_groups.gif
2003.11.05 20:13 B E:\Documents and Settings\Andrew\Desktop\alexisonfire\templates\subSilver\images\icon_mini_login.gif --> shiftx.edgehost.net /httpdocs/alexisonfire/templates/subSilver/images icon_mini_login.gif
2003.11.05 20:13 B E:\Documents and Settings\Andrew\Desktop\alexisonfire\templates\subSilver\images\icon_mini_members.gif --> shiftx.edgehost.net /httpdocs/alexisonfire/templates/subSilver/images icon_mini_members.gif
2003.11.05 20:13 B E:\Documents and Settings\Andrew\Desktop\alexisonfire\templates\subSilver\images\icon_mini_message.gif --> shiftx.edgehost.net /httpdocs/alexisonfire/templates/subSilver/images icon_mini_message.gif
2003.11.05 20:13 B E:\Documents and Settings\Andrew\Desktop\alexisonfire\templates\subSilver\images\icon_mini_profile.gif --> shiftx.edgehost.net /httpdocs/alexisonfire/templates/subSilver/images icon_mini_profile.gif
2003.11.05 20:13 B E:\Documents and Settings\Andrew\Desktop\alexisonfire\templates\subSilver\images\icon_mini_register.gif --> shiftx.edgehost.net /httpdocs/alexisonfire/templates/subSilver/images icon_mini_register.gif
2003.11.05 20:13 B E:\Documents and Settings\Andrew\Desktop\alexisonfire\templates\subSilver\images\icon_mini_search.gif --> shiftx.edgehost.net /httpdocs/alexisonfire/templates/subSilver/images icon_mini_search.gif
2003.11.05 20:13 B E:\Documents and Settings\Andrew\Desktop\alexisonfire\templates\subSilver\images\icon_minipost.gif --> shiftx.edgehost.net /httpdocs/alexisonfire/templates/subSilver/images icon_minipost.gif
2003.11.05 20:13 B E:\Documents and Settings\Andrew\Desktop\alexisonfire\templates\subSilver\images\icon_minipost_new.gif --> shiftx.edgehost.net /httpdocs/alexisonfire/templates/subSilver/images icon_minipost_new.gif
2003.11.05 20:13 B E:\Documents and Settings\Andrew\Desktop\alexisonfire\templates\subSilver\images\icon_newest_reply.gif --> shiftx.edgehost.net /httpdocs/alexisonfire/templates/subSilver/images icon_newest_reply.gif
2003.11.05 20:13 B E:\Documents and Settings\Andrew\Desktop\alexisonfire\templates\subSilver\images\index.htm --> shiftx.edgehost.net /httpdocs/alexisonfire/templates/subSilver/images index.htm
2003.11.05 20:13 B E:\Documents and Settings\Andrew\Desktop\alexisonfire\templates\subSilver\images\logo_phpBB.gif --> shiftx.edgehost.net /httpdocs/alexisonfire/templates/subSilver/images logo_phpBB.gif
2003.11.05 20:13 B E:\Documents and Settings\Andrew\Desktop\alexisonfire\templates\subSilver\images\logo_phpBB_med.gif --> shiftx.edgehost.net /httpdocs/alexisonfire/templates/subSilver/images logo_phpBB_med.gif
2003.11.05 20:13 B E:\Documents and Settings\Andrew\Desktop\alexisonfire\templates\subSilver\images\msg_inbox.gif --> shiftx.edgehost.net /httpdocs/alexisonfire/templates/subSilver/images msg_inbox.gif
2003.11.05 20:13 B E:\Documents and Settings\Andrew\Desktop\alexisonfire\templates\subSilver\images\msg_outbox.gif --> shiftx.edgehost.net /httpdocs/alexisonfire/templates/subSilver/images msg_outbox.gif
2003.11.05 20:13 B E:\Documents and Settings\Andrew\Desktop\alexisonfire\templates\subSilver\images\msg_savebox.gif --> shiftx.edgehost.net /httpdocs/alexisonfire/templates/subSilver/images msg_savebox.gif
2003.11.05 20:13 B E:\Documents and Settings\Andrew\Desktop\alexisonfire\templates\subSilver\images\msg_sentbox.gif --> shiftx.edgehost.net /httpdocs/alexisonfire/templates/subSilver/images msg_sentbox.gif
2003.11.05 20:13 B E:\Documents and Settings\Andrew\Desktop\alexisonfire\templates\subSilver\images\spacer.gif --> shiftx.edgehost.net /httpdocs/alexisonfire/templates/subSilver/images spacer.gif
2003.11.05 20:13 B E:\Documents and Settings\Andrew\Desktop\alexisonfire\templates\subSilver\images\topic_delete.gif --> shiftx.edgehost.net /httpdocs/alexisonfire/templates/subSilver/images topic_delete.gif
2003.11.05 20:13 B E:\Documents and Settings\Andrew\Desktop\alexisonfire\templates\subSilver\images\topic_lock.gif --> shiftx.edgehost.net /httpdocs/alexisonfire/templates/subSilver/images topic_lock.gif
2003.11.05 20:13 B E:\Documents and Settings\Andrew\Desktop\alexisonfire\templates\subSilver\images\topic_move.gif --> shiftx.edgehost.net /httpdocs/alexisonfire/templates/subSilver/images topic_move.gif
2003.11.05 20:13 B E:\Documents and Settings\Andrew\Desktop\alexisonfire\templates\subSilver\images\topic_split.gif --> shiftx.edgehost.net /httpdocs/alexisonfire/templates/subSilver/images topic_split.gif
2003.11.05 20:13 B E:\Documents and Settings\Andrew\Desktop\alexisonfire\templates\subSilver\images\topic_unlock.gif --> shiftx.edgehost.net /httpdocs/alexisonfire/templates/subSilver/images topic_unlock.gif
2003.11.05 20:13 B E:\Documents and Settings\Andrew\Desktop\alexisonfire\templates\subSilver\images\vote_lcap.gif --> shiftx.edgehost.net /httpdocs/alexisonfire/templates/subSilver/images vote_lcap.gif
2003.11.05 20:13 B E:\Documents and Settings\Andrew\Desktop\alexisonfire\templates\subSilver\images\vote_rcap.gif --> shiftx.edgehost.net /httpdocs/alexisonfire/templates/subSilver/images vote_rcap.gif
2003.11.05 20:13 B E:\Documents and Settings\Andrew\Desktop\alexisonfire\templates\subSilver\images\voting_bar.gif --> shiftx.edgehost.net /httpdocs/alexisonfire/templates/subSilver/images voting_bar.gif
2003.11.05 20:13 B E:\Documents and Settings\Andrew\Desktop\alexisonfire\templates\subSilver\images\whosonline.gif --> shiftx.edgehost.net /httpdocs/alexisonfire/templates/subSilver/images whosonline.gif
2003.11.05 20:13 B E:\Documents and Settings\Andrew\Desktop\alexisonfire\templates\subSilver\images\WS_FTP.LOG --> shiftx.edgehost.net /httpdocs/alexisonfire/templates/subSilver/images WS_FTP.LOG
2003.11.05 21:08 B E:\Documents and Settings\Andrew\Desktop\alexis\images\cellpic3.gif --> shiftx.edgehost.net /httpdocs/alexisonfire/templates/alexis/images cellpic3.gif
2003.11.05 21:08 B E:\Documents and Settings\Andrew\Desktop\alexis\images\cellpic2.jpg --> shiftx.edgehost.net /httpdocs/alexisonfire/templates/alexis/images cellpic2.jpg
2003.11.05 21:08 B E:\Documents and Settings\Andrew\Desktop\alexis\images\cellpic1.gif --> shiftx.edgehost.net /httpdocs/alexisonfire/templates/alexis/images cellpic1.gif
2003.11.05 21:08 B E:\Documents and Settings\Andrew\Desktop\alexis\images\WS_FTP.LOG --> shiftx.edgehost.net /httpdocs/alexisonfire/templates/alexis/images WS_FTP.LOG
2003.11.05 21:08 B E:\Documents and Settings\Andrew\Desktop\alexis\images\index.htm --> shiftx.edgehost.net /httpdocs/alexisonfire/templates/alexis/images index.htm
2003.11.05 21:08 B E:\Documents and Settings\Andrew\Desktop\alexis\images\logo_phpBB.gif --> shiftx.edgehost.net /httpdocs/alexisonfire/templates/alexis/images logo_phpBB.gif
2003.11.05 21:08 B E:\Documents and Settings\Andrew\Desktop\alexis\images\folder_lock_new.gif --> shiftx.edgehost.net /httpdocs/alexisonfire/templates/alexis/images folder_lock_new.gif
2003.11.05 21:08 B E:\Documents and Settings\Andrew\Desktop\alexis\images\icon_delete.gif --> shiftx.edgehost.net /httpdocs/alexisonfire/templates/alexis/images icon_delete.gif
2003.11.05 21:08 B E:\Documents and Settings\Andrew\Desktop\alexis\images\voting_bar.gif --> shiftx.edgehost.net /httpdocs/alexisonfire/templates/alexis/images voting_bar.gif
2003.11.05 21:08 B E:\Documents and Settings\Andrew\Desktop\alexis\images\vote_rcap.gif --> shiftx.edgehost.net /httpdocs/alexisonfire/templates/alexis/images vote_rcap.gif
2003.11.05 21:08 B E:\Documents and Settings\Andrew\Desktop\alexis\images\vote_lcap.gif --> shiftx.edgehost.net /httpdocs/alexisonfire/templates/alexis/images vote_lcap.gif
2003.11.05 21:08 B E:\Documents and Settings\Andrew\Desktop\alexis\images\icon_newest_reply.gif --> shiftx.edgehost.net /httpdocs/alexisonfire/templates/alexis/images icon_newest_reply.gif
2003.11.05 21:08 B E:\Documents and Settings\Andrew\Desktop\alexis\images\icon_minipost_new.gif --> shiftx.edgehost.net /httpdocs/alexisonfire/templates/alexis/images icon_minipost_new.gif
2003.11.05 21:08 B E:\Documents and Settings\Andrew\Desktop\alexis\images\icon_minipost.gif --> shiftx.edgehost.net /httpdocs/alexisonfire/templates/alexis/images icon_minipost.gif
2003.11.05 21:08 B E:\Documents and Settings\Andrew\Desktop\alexis\images\icon_latest_reply.gif --> shiftx.edgehost.net /httpdocs/alexisonfire/templates/alexis/images icon_latest_reply.gif
2003.11.05 21:08 B E:\Documents and Settings\Andrew\Desktop\alexis\images\whosonline.gif --> shiftx.edgehost.net /httpdocs/alexisonfire/templates/alexis/images whosonline.gif
2003.11.05 21:08 B E:\Documents and Settings\Andrew\Desktop\alexis\images\topic_unlock.gif --> shiftx.edgehost.net /httpdocs/alexisonfire/templates/alexis/images topic_unlock.gif
2003.11.05 21:08 B E:\Documents and Settings\Andrew\Desktop\alexis\images\topic_split.gif --> shiftx.edgehost.net /httpdocs/alexisonfire/templates/alexis/images topic_split.gif
2003.11.05 21:08 B E:\Documents and Settings\Andrew\Desktop\alexis\images\topic_move.gif --> shiftx.edgehost.net /httpdocs/alexisonfire/templates/alexis/images topic_move.gif
2003.11.05 21:08 B E:\Documents and Settings\Andrew\Desktop\alexis\images\topic_lock.gif --> shiftx.edgehost.net /httpdocs/alexisonfire/templates/alexis/images topic_lock.gif
2003.11.05 21:08 B E:\Documents and Settings\Andrew\Desktop\alexis\images\topic_delete.gif --> shiftx.edgehost.net /httpdocs/alexisonfire/templates/alexis/images topic_delete.gif
2003.11.05 21:08 B E:\Documents and Settings\Andrew\Desktop\alexis\images\spacer.gif --> shiftx.edgehost.net /httpdocs/alexisonfire/templates/alexis/images spacer.gif
2003.11.05 21:08 B E:\Documents and Settings\Andrew\Desktop\alexis\images\msg_sentbox.gif --> shiftx.edgehost.net /httpdocs/alexisonfire/templates/alexis/images msg_sentbox.gif
2003.11.05 21:08 B E:\Documents and Settings\Andrew\Desktop\alexis\images\msg_savebox.gif --> shiftx.edgehost.net /httpdocs/alexisonfire/templates/alexis/images msg_savebox.gif
2003.11.05 21:08 B E:\Documents and Settings\Andrew\Desktop\alexis\images\msg_outbox.gif --> shiftx.edgehost.net /httpdocs/alexisonfire/templates/alexis/images msg_outbox.gif
2003.11.05 21:08 B E:\Documents and Settings\Andrew\Desktop\alexis\images\msg_inbox.gif --> shiftx.edgehost.net /httpdocs/alexisonfire/templates/alexis/images msg_inbox.gif
2003.11.05 21:08 B E:\Documents and Settings\Andrew\Desktop\alexis\images\logo_phpBB_med.gif --> shiftx.edgehost.net /httpdocs/alexisonfire/templates/alexis/images logo_phpBB_med.gif
2003.11.05 21:08 B E:\Documents and Settings\Andrew\Desktop\alexis\images\icon_mini_search.gif --> shiftx.edgehost.net /httpdocs/alexisonfire/templates/alexis/images icon_mini_search.gif
2003.11.05 21:08 B E:\Documents and Settings\Andrew\Desktop\alexis\images\icon_mini_register.gif --> shiftx.edgehost.net /httpdocs/alexisonfire/templates/alexis/images icon_mini_register.gif
2003.11.05 21:08 B E:\Documents and Settings\Andrew\Desktop\alexis\images\icon_mini_profile.gif --> shiftx.edgehost.net /httpdocs/alexisonfire/templates/alexis/images icon_mini_profile.gif
2003.11.05 21:08 B E:\Documents and Settings\Andrew\Desktop\alexis\images\icon_mini_message.gif --> shiftx.edgehost.net /httpdocs/alexisonfire/templates/alexis/images icon_mini_message.gif
2003.11.05 21:08 B E:\Documents and Settings\Andrew\Desktop\alexis\images\icon_mini_members.gif --> shiftx.edgehost.net /httpdocs/alexisonfire/templates/alexis/images icon_mini_members.gif
2003.11.05 21:08 B E:\Documents and Settings\Andrew\Desktop\alexis\images\icon_mini_login.gif --> shiftx.edgehost.net /httpdocs/alexisonfire/templates/alexis/images icon_mini_login.gif
2003.11.05 21:08 B E:\Documents and Settings\Andrew\Desktop\alexis\images\icon_mini_groups.gif --> shiftx.edgehost.net /httpdocs/alexisonfire/templates/alexis/images icon_mini_groups.gif
2003.11.05 21:08 B E:\Documents and Settings\Andrew\Desktop\alexis\images\icon_mini_faq.gif --> shiftx.edgehost.net /httpdocs/alexisonfire/templates/alexis/images icon_mini_faq.gif
2003.11.05 21:08 B E:\Documents and Settings\Andrew\Desktop\alexis\images\folder_sticky_new.gif --> shiftx.edgehost.net /httpdocs/alexisonfire/templates/alexis/images folder_sticky_new.gif
2003.11.05 21:08 B E:\Documents and Settings\Andrew\Desktop\alexis\images\folder_sticky.gif --> shiftx.edgehost.net /httpdocs/alexisonfire/templates/alexis/images folder_sticky.gif
2003.11.05 21:08 B E:\Documents and Settings\Andrew\Desktop\alexis\images\folder_new_hot.gif --> shiftx.edgehost.net /httpdocs/alexisonfire/templates/alexis/images folder_new_hot.gif
2003.11.05 21:08 B E:\Documents and Settings\Andrew\Desktop\alexis\images\folder_new_big.gif --> shiftx.edgehost.net /httpdocs/alexisonfire/templates/alexis/images folder_new_big.gif
2003.11.05 21:08 B E:\Documents and Settings\Andrew\Desktop\alexis\images\folder_new.gif --> shiftx.edgehost.net /httpdocs/alexisonfire/templates/alexis/images folder_new.gif
2003.11.05 21:08 B E:\Documents and Settings\Andrew\Desktop\alexis\images\folder_locked_big.gif --> shiftx.edgehost.net /httpdocs/alexisonfire/templates/alexis/images folder_locked_big.gif
2003.11.05 21:08 B E:\Documents and Settings\Andrew\Desktop\alexis\images\folder_lock.gif --> shiftx.edgehost.net /httpdocs/alexisonfire/templates/alexis/images folder_lock.gif
2003.11.05 21:09 B E:\Documents and Settings\Andrew\Desktop\alexis\images\folder_hot.gif --> shiftx.edgehost.net /httpdocs/alexisonfire/templates/alexis/images folder_hot.gif
2003.11.05 21:09 B E:\Documents and Settings\Andrew\Desktop\alexis\images\folder_big.gif --> shiftx.edgehost.net /httpdocs/alexisonfire/templates/alexis/images folder_big.gif
2003.11.05 21:09 B E:\Documents and Settings\Andrew\Desktop\alexis\images\folder_announce_new.gif --> shiftx.edgehost.net /httpdocs/alexisonfire/templates/alexis/images folder_announce_new.gif
2003.11.05 21:09 B E:\Documents and Settings\Andrew\Desktop\alexis\images\folder_announce.gif --> shiftx.edgehost.net /httpdocs/alexisonfire/templates/alexis/images folder_announce.gif
2003.11.05 21:09 B E:\Documents and Settings\Andrew\Desktop\alexis\images\folder.gif --> shiftx.edgehost.net /httpdocs/alexisonfire/templates/alexis/images folder.gif
2003.11.05 21:09 B E:\Documents and Settings\Andrew\Desktop\alexis\images\created_by.jpg --> shiftx.edgehost.net /httpdocs/alexisonfire/templates/alexis/images created_by.jpg
2003.11.05 21:09 B E:\Documents and Settings\Andrew\Desktop\alexis\images\cellpic.gif --> shiftx.edgehost.net /httpdocs/alexisonfire/templates/alexis/images cellpic.gif
2003.11.06 12:18 B E:\Documents and Settings\Andrew\Desktop\alexis\images\cellpic.gif --> ftp.dosgames.com /web/alexis/templates/alexis/images cellpic.gif
2003.11.06 12:18 B E:\Documents and Settings\Andrew\Desktop\alexis\images\cellpic1.gif --> ftp.dosgames.com /web/alexis/templates/alexis/images cellpic1.gif
2003.11.06 12:18 B E:\Documents and Settings\Andrew\Desktop\alexis\images\cellpic2.jpg --> ftp.dosgames.com /web/alexis/templates/alexis/images cellpic2.jpg
2003.11.06 12:18 B E:\Documents and Settings\Andrew\Desktop\alexis\images\cellpic3.gif --> ftp.dosgames.com /web/alexis/templates/alexis/images cellpic3.gif
2003.11.06 12:18 B E:\Documents and Settings\Andrew\Desktop\alexis\images\created_by.jpg --> ftp.dosgames.com /web/alexis/templates/alexis/images created_by.jpg
2003.11.06 12:18 B E:\Documents and Settings\Andrew\Desktop\alexis\images\folder.gif --> ftp.dosgames.com /web/alexis/templates/alexis/images folder.gif
2003.11.06 12:18 B E:\Documents and Settings\Andrew\Desktop\alexis\images\folder_announce.gif --> ftp.dosgames.com /web/alexis/templates/alexis/images folder_announce.gif
2003.11.06 12:18 B E:\Documents and Settings\Andrew\Desktop\alexis\images\folder_announce_new.gif --> ftp.dosgames.com /web/alexis/templates/alexis/images folder_announce_new.gif
2003.11.06 12:18 B E:\Documents and Settings\Andrew\Desktop\alexis\images\folder_big.gif --> ftp.dosgames.com /web/alexis/templates/alexis/images folder_big.gif
2003.11.06 12:18 B E:\Documents and Settings\Andrew\Desktop\alexis\images\folder_hot.gif --> ftp.dosgames.com /web/alexis/templates/alexis/images folder_hot.gif
2003.11.06 12:18 B E:\Documents and Settings\Andrew\Desktop\alexis\images\folder_lock.gif --> ftp.dosgames.com /web/alexis/templates/alexis/images folder_lock.gif
2003.11.06 12:18 B E:\Documents and Settings\Andrew\Desktop\alexis\images\folder_lock_new.gif --> ftp.dosgames.com /web/alexis/templates/alexis/images folder_lock_new.gif
2003.11.06 12:18 B E:\Documents and Settings\Andrew\Desktop\alexis\images\folder_locked_big.gif --> ftp.dosgames.com /web/alexis/templates/alexis/images folder_locked_big.gif
2003.11.06 12:18 B E:\Documents and Settings\Andrew\Desktop\alexis\images\folder_new.gif --> ftp.dosgames.com /web/alexis/templates/alexis/images folder_new.gif
2003.11.06 12:18 B E:\Documents and Settings\Andrew\Desktop\alexis\images\folder_new_big.gif --> ftp.dosgames.com /web/alexis/templates/alexis/images folder_new_big.gif
2003.11.06 12:18 B E:\Documents and Settings\Andrew\Desktop\alexis\images\folder_new_hot.gif --> ftp.dosgames.com /web/alexis/templates/alexis/images folder_new_hot.gif
2003.11.06 12:18 B E:\Documents and Settings\Andrew\Desktop\alexis\images\folder_sticky.gif --> ftp.dosgames.com /web/alexis/templates/alexis/images folder_sticky.gif
2003.11.06 12:18 B E:\Documents and Settings\Andrew\Desktop\alexis\images\folder_sticky_new.gif --> ftp.dosgames.com /web/alexis/templates/alexis/images folder_sticky_new.gif
2003.11.06 12:18 B E:\Documents and Settings\Andrew\Desktop\alexis\images\icon_delete.gif --> ftp.dosgames.com /web/alexis/templates/alexis/images icon_delete.gif
2003.11.06 12:18 B E:\Documents and Settings\Andrew\Desktop\alexis\images\icon_latest_reply.gif --> ftp.dosgames.com /web/alexis/templates/alexis/images icon_latest_reply.gif
2003.11.06 12:18 B E:\Documents and Settings\Andrew\Desktop\alexis\images\icon_mini_faq.gif --> ftp.dosgames.com /web/alexis/templates/alexis/images icon_mini_faq.gif
2003.11.06 12:18 B E:\Documents and Settings\Andrew\Desktop\alexis\images\icon_mini_groups.gif --> ftp.dosgames.com /web/alexis/templates/alexis/images icon_mini_groups.gif
2003.11.06 12:18 B E:\Documents and Settings\Andrew\Desktop\alexis\images\icon_mini_login.gif --> ftp.dosgames.com /web/alexis/templates/alexis/images icon_mini_login.gif
2003.11.06 12:18 B E:\Documents and Settings\Andrew\Desktop\alexis\images\icon_mini_members.gif --> ftp.dosgames.com /web/alexis/templates/alexis/images icon_mini_members.gif
2003.11.06 12:18 B E:\Documents and Settings\Andrew\Desktop\alexis\images\icon_mini_message.gif --> ftp.dosgames.com /web/alexis/templates/alexis/images icon_mini_message.gif
2003.11.06 12:18 B E:\Documents and Settings\Andrew\Desktop\alexis\images\icon_mini_profile.gif --> ftp.dosgames.com /web/alexis/templates/alexis/images icon_mini_profile.gif
2003.11.06 12:18 B E:\Documents and Settings\Andrew\Desktop\alexis\images\icon_mini_register.gif --> ftp.dosgames.com /web/alexis/templates/alexis/images icon_mini_register.gif
2003.11.06 12:18 B E:\Documents and Settings\Andrew\Desktop\alexis\images\icon_mini_search.gif --> ftp.dosgames.com /web/alexis/templates/alexis/images icon_mini_search.gif
2003.11.06 12:18 B E:\Documents and Settings\Andrew\Desktop\alexis\images\icon_minipost.gif --> ftp.dosgames.com /web/alexis/templates/alexis/images icon_minipost.gif
2003.11.06 12:18 B E:\Documents and Settings\Andrew\Desktop\alexis\images\icon_minipost_new.gif --> ftp.dosgames.com /web/alexis/templates/alexis/images icon_minipost_new.gif
2003.11.06 12:18 B E:\Documents and Settings\Andrew\Desktop\alexis\images\icon_newest_reply.gif --> ftp.dosgames.com /web/alexis/templates/alexis/images icon_newest_reply.gif
2003.11.06 12:18 B E:\Documents and Settings\Andrew\Desktop\alexis\images\index.htm --> ftp.dosgames.com /web/alexis/templates/alexis/images index.htm
2003.11.06 12:18 B E:\Documents and Settings\Andrew\Desktop\alexis\images\logo_phpBB.gif --> ftp.dosgames.com /web/alexis/templates/alexis/images logo_phpBB.gif
2003.11.06 12:18 B E:\Documents and Settings\Andrew\Desktop\alexis\images\logo_phpBB_med.gif --> ftp.dosgames.com /web/alexis/templates/alexis/images logo_phpBB_med.gif
2003.11.06 12:18 B E:\Documents and Settings\Andrew\Desktop\alexis\images\msg_inbox.gif --> ftp.dosgames.com /web/alexis/templates/alexis/images msg_inbox.gif
2003.11.06 12:18 B E:\Documents and Settings\Andrew\Desktop\alexis\images\msg_outbox.gif --> ftp.dosgames.com /web/alexis/templates/alexis/images msg_outbox.gif
2003.11.06 12:18 B E:\Documents and Settings\Andrew\Desktop\alexis\images\msg_savebox.gif --> ftp.dosgames.com /web/alexis/templates/alexis/images msg_savebox.gif
2003.11.06 12:18 B E:\Documents and Settings\Andrew\Desktop\alexis\images\msg_sentbox.gif --> ftp.dosgames.com /web/alexis/templates/alexis/images msg_sentbox.gif
2003.11.06 12:18 B E:\Documents and Settings\Andrew\Desktop\alexis\images\spacer.gif --> ftp.dosgames.com /web/alexis/templates/alexis/images spacer.gif
2003.11.06 12:18 B E:\Documents and Settings\Andrew\Desktop\alexis\images\topic_delete.gif --> ftp.dosgames.com /web/alexis/templates/alexis/images topic_delete.gif
2003.11.06 12:18 B E:\Documents and Settings\Andrew\Desktop\alexis\images\topic_lock.gif --> ftp.dosgames.com /web/alexis/templates/alexis/images topic_lock.gif
2003.11.06 12:18 B E:\Documents and Settings\Andrew\Desktop\alexis\images\topic_move.gif --> ftp.dosgames.com /web/alexis/templates/alexis/images topic_move.gif
2003.11.06 12:18 B E:\Documents and Settings\Andrew\Desktop\alexis\images\topic_split.gif --> ftp.dosgames.com /web/alexis/templates/alexis/images topic_split.gif
2003.11.06 12:18 B E:\Documents and Settings\Andrew\Desktop\alexis\images\topic_unlock.gif --> ftp.dosgames.com /web/alexis/templates/alexis/images topic_unlock.gif
2003.11.06 12:18 B E:\Documents and Settings\Andrew\Desktop\alexis\images\vote_lcap.gif --> ftp.dosgames.com /web/alexis/templates/alexis/images vote_lcap.gif
2003.11.06 12:18 B E:\Documents and Settings\Andrew\Desktop\alexis\images\vote_rcap.gif --> ftp.dosgames.com /web/alexis/templates/alexis/images vote_rcap.gif
2003.11.06 12:18 B E:\Documents and Settings\Andrew\Desktop\alexis\images\voting_bar.gif --> ftp.dosgames.com /web/alexis/templates/alexis/images voting_bar.gif
2003.11.06 12:18 B E:\Documents and Settings\Andrew\Desktop\alexis\images\whosonline.gif --> ftp.dosgames.com /web/alexis/templates/alexis/images whosonline.gif
2003.11.06 12:18 B E:\Documents and Settings\Andrew\Desktop\alexis\images\WS_FTP.LOG --> ftp.dosgames.com /web/alexis/templates/alexis/images WS_FTP.LOG
2003.11.06 14:18 B E:\Documents and Settings\Andrew\Desktop\alexis\images\logo.gif --> ftp.dosgames.com /web/alexis/templates/alexis/images logo.gif
2003.11.06 20:06 B E:\Documents and Settings\Andrew\Desktop\alexis\images\credit.gif --> ftp.dosgames.com /web/alexis/templates/alexis/images credit.gif
2003.11.09 13:49 B E:\Documents and Settings\Andrew\Desktop\alexis\images\alexispsd.psd --> shiftx.edgehost.net /httpdocs/alexisonfire/templates/alexis/images alexispsd.psd
2003.11.09 13:49 B E:\Documents and Settings\Andrew\Desktop\alexis\images\credit.gif --> shiftx.edgehost.net /httpdocs/alexisonfire/templates/alexis/images credit.gif
2003.11.09 13:49 B E:\Documents and Settings\Andrew\Desktop\alexis\images\creditpsd.psd --> shiftx.edgehost.net /httpdocs/alexisonfire/templates/alexis/images creditpsd.psd
2003.11.09 13:49 B E:\Documents and Settings\Andrew\Desktop\alexis\images\logo.gif --> shiftx.edgehost.net /httpdocs/alexisonfire/templates/alexis/images logo.gif
2003.11.09 13:49 B E:\Documents and Settings\Andrew\Desktop\alexis\images\WS_FTP.LOG --> shiftx.edgehost.net /httpdocs/alexisonfire/templates/alexis/images WS_FTP.LOG
