2003.10.31 15:20 B E:\Documents and Settings\Andrew\Desktop\phpBB2\templates\subSilver\admin\admin_message_body.tpl --> shiftx.edgehost.net /httpdocs/phpBB2/templates/subSilver/admin admin_message_body.tpl
2003.10.31 15:20 B E:\Documents and Settings\Andrew\Desktop\phpBB2\templates\subSilver\admin\auth_forum_body.tpl --> shiftx.edgehost.net /httpdocs/phpBB2/templates/subSilver/admin auth_forum_body.tpl
2003.10.31 15:20 B E:\Documents and Settings\Andrew\Desktop\phpBB2\templates\subSilver\admin\auth_select_body.tpl --> shiftx.edgehost.net /httpdocs/phpBB2/templates/subSilver/admin auth_select_body.tpl
2003.10.31 15:20 B E:\Documents and Settings\Andrew\Desktop\phpBB2\templates\subSilver\admin\auth_ug_body.tpl --> shiftx.edgehost.net /httpdocs/phpBB2/templates/subSilver/admin auth_ug_body.tpl
2003.10.31 15:20 B E:\Documents and Settings\Andrew\Desktop\phpBB2\templates\subSilver\admin\board_config_body.tpl --> shiftx.edgehost.net /httpdocs/phpBB2/templates/subSilver/admin board_config_body.tpl
2003.10.31 15:20 B E:\Documents and Settings\Andrew\Desktop\phpBB2\templates\subSilver\admin\category_edit_body.tpl --> shiftx.edgehost.net /httpdocs/phpBB2/templates/subSilver/admin category_edit_body.tpl
2003.10.31 15:20 B E:\Documents and Settings\Andrew\Desktop\phpBB2\templates\subSilver\admin\db_utils_backup_body.tpl --> shiftx.edgehost.net /httpdocs/phpBB2/templates/subSilver/admin db_utils_backup_body.tpl
2003.10.31 15:20 B E:\Documents and Settings\Andrew\Desktop\phpBB2\templates\subSilver\admin\db_utils_restore_body.tpl --> shiftx.edgehost.net /httpdocs/phpBB2/templates/subSilver/admin db_utils_restore_body.tpl
2003.10.31 15:20 B E:\Documents and Settings\Andrew\Desktop\phpBB2\templates\subSilver\admin\disallow_body.tpl --> shiftx.edgehost.net /httpdocs/phpBB2/templates/subSilver/admin disallow_body.tpl
2003.10.31 15:20 B E:\Documents and Settings\Andrew\Desktop\phpBB2\templates\subSilver\admin\forum_admin_body.tpl --> shiftx.edgehost.net /httpdocs/phpBB2/templates/subSilver/admin forum_admin_body.tpl
2003.10.31 15:20 B E:\Documents and Settings\Andrew\Desktop\phpBB2\templates\subSilver\admin\forum_delete_body.tpl --> shiftx.edgehost.net /httpdocs/phpBB2/templates/subSilver/admin forum_delete_body.tpl
2003.10.31 15:20 B E:\Documents and Settings\Andrew\Desktop\phpBB2\templates\subSilver\admin\forum_edit_body.tpl --> shiftx.edgehost.net /httpdocs/phpBB2/templates/subSilver/admin forum_edit_body.tpl
2003.10.31 15:20 B E:\Documents and Settings\Andrew\Desktop\phpBB2\templates\subSilver\admin\forum_prune_body.tpl --> shiftx.edgehost.net /httpdocs/phpBB2/templates/subSilver/admin forum_prune_body.tpl
2003.10.31 15:20 B E:\Documents and Settings\Andrew\Desktop\phpBB2\templates\subSilver\admin\forum_prune_result_body.tpl --> shiftx.edgehost.net /httpdocs/phpBB2/templates/subSilver/admin forum_prune_result_body.tpl
2003.10.31 15:20 B E:\Documents and Settings\Andrew\Desktop\phpBB2\templates\subSilver\admin\forum_prune_select_body.tpl --> shiftx.edgehost.net /httpdocs/phpBB2/templates/subSilver/admin forum_prune_select_body.tpl
2003.10.31 15:20 B E:\Documents and Settings\Andrew\Desktop\phpBB2\templates\subSilver\admin\group_edit_body.tpl --> shiftx.edgehost.net /httpdocs/phpBB2/templates/subSilver/admin group_edit_body.tpl
2003.10.31 15:20 B E:\Documents and Settings\Andrew\Desktop\phpBB2\templates\subSilver\admin\group_select_body.tpl --> shiftx.edgehost.net /httpdocs/phpBB2/templates/subSilver/admin group_select_body.tpl
2003.10.31 15:20 B E:\Documents and Settings\Andrew\Desktop\phpBB2\templates\subSilver\admin\index.htm --> shiftx.edgehost.net /httpdocs/phpBB2/templates/subSilver/admin index.htm
2003.10.31 15:20 B E:\Documents and Settings\Andrew\Desktop\phpBB2\templates\subSilver\admin\index_body.tpl --> shiftx.edgehost.net /httpdocs/phpBB2/templates/subSilver/admin index_body.tpl
2003.10.31 15:20 B E:\Documents and Settings\Andrew\Desktop\phpBB2\templates\subSilver\admin\index_frameset.tpl --> shiftx.edgehost.net /httpdocs/phpBB2/templates/subSilver/admin index_frameset.tpl
2003.10.31 15:20 B E:\Documents and Settings\Andrew\Desktop\phpBB2\templates\subSilver\admin\index_navigate.tpl --> shiftx.edgehost.net /httpdocs/phpBB2/templates/subSilver/admin index_navigate.tpl
2003.10.31 15:20 B E:\Documents and Settings\Andrew\Desktop\phpBB2\templates\subSilver\admin\page_footer.tpl --> shiftx.edgehost.net /httpdocs/phpBB2/templates/subSilver/admin page_footer.tpl
2003.10.31 15:20 B E:\Documents and Settings\Andrew\Desktop\phpBB2\templates\subSilver\admin\page_header.tpl --> shiftx.edgehost.net /httpdocs/phpBB2/templates/subSilver/admin page_header.tpl
2003.10.31 15:20 B E:\Documents and Settings\Andrew\Desktop\phpBB2\templates\subSilver\admin\ranks_edit_body.tpl --> shiftx.edgehost.net /httpdocs/phpBB2/templates/subSilver/admin ranks_edit_body.tpl
2003.10.31 15:20 B E:\Documents and Settings\Andrew\Desktop\phpBB2\templates\subSilver\admin\ranks_list_body.tpl --> shiftx.edgehost.net /httpdocs/phpBB2/templates/subSilver/admin ranks_list_body.tpl
2003.10.31 15:20 B E:\Documents and Settings\Andrew\Desktop\phpBB2\templates\subSilver\admin\smile_edit_body.tpl --> shiftx.edgehost.net /httpdocs/phpBB2/templates/subSilver/admin smile_edit_body.tpl
2003.10.31 15:20 B E:\Documents and Settings\Andrew\Desktop\phpBB2\templates\subSilver\admin\smile_import_body.tpl --> shiftx.edgehost.net /httpdocs/phpBB2/templates/subSilver/admin smile_import_body.tpl
2003.10.31 15:20 B E:\Documents and Settings\Andrew\Desktop\phpBB2\templates\subSilver\admin\smile_list_body.tpl --> shiftx.edgehost.net /httpdocs/phpBB2/templates/subSilver/admin smile_list_body.tpl
2003.10.31 15:20 B E:\Documents and Settings\Andrew\Desktop\phpBB2\templates\subSilver\admin\styles_addnew_body.tpl --> shiftx.edgehost.net /httpdocs/phpBB2/templates/subSilver/admin styles_addnew_body.tpl
2003.10.31 15:20 B E:\Documents and Settings\Andrew\Desktop\phpBB2\templates\subSilver\admin\styles_edit_body.tpl --> shiftx.edgehost.net /httpdocs/phpBB2/templates/subSilver/admin styles_edit_body.tpl
2003.10.31 15:20 B E:\Documents and Settings\Andrew\Desktop\phpBB2\templates\subSilver\admin\styles_exporter.tpl --> shiftx.edgehost.net /httpdocs/phpBB2/templates/subSilver/admin styles_exporter.tpl
2003.10.31 15:20 B E:\Documents and Settings\Andrew\Desktop\phpBB2\templates\subSilver\admin\styles_list_body.tpl --> shiftx.edgehost.net /httpdocs/phpBB2/templates/subSilver/admin styles_list_body.tpl
2003.10.31 15:20 B E:\Documents and Settings\Andrew\Desktop\phpBB2\templates\subSilver\admin\user_avatar_gallery.tpl --> shiftx.edgehost.net /httpdocs/phpBB2/templates/subSilver/admin user_avatar_gallery.tpl
2003.10.31 15:20 B E:\Documents and Settings\Andrew\Desktop\phpBB2\templates\subSilver\admin\user_ban_body.tpl --> shiftx.edgehost.net /httpdocs/phpBB2/templates/subSilver/admin user_ban_body.tpl
2003.10.31 15:20 B E:\Documents and Settings\Andrew\Desktop\phpBB2\templates\subSilver\admin\user_edit_body.tpl --> shiftx.edgehost.net /httpdocs/phpBB2/templates/subSilver/admin user_edit_body.tpl
2003.10.31 15:20 B E:\Documents and Settings\Andrew\Desktop\phpBB2\templates\subSilver\admin\user_email_body.tpl --> shiftx.edgehost.net /httpdocs/phpBB2/templates/subSilver/admin user_email_body.tpl
2003.10.31 15:20 B E:\Documents and Settings\Andrew\Desktop\phpBB2\templates\subSilver\admin\user_select_body.tpl --> shiftx.edgehost.net /httpdocs/phpBB2/templates/subSilver/admin user_select_body.tpl
2003.10.31 15:20 B E:\Documents and Settings\Andrew\Desktop\phpBB2\templates\subSilver\admin\words_edit_body.tpl --> shiftx.edgehost.net /httpdocs/phpBB2/templates/subSilver/admin words_edit_body.tpl
2003.10.31 15:20 B E:\Documents and Settings\Andrew\Desktop\phpBB2\templates\subSilver\admin\words_list_body.tpl --> shiftx.edgehost.net /httpdocs/phpBB2/templates/subSilver/admin words_list_body.tpl
2003.11.05 16:17 B E:\Documents and Settings\Andrew\Desktop\alexis\templates\subSilver\admin\admin_message_body.tpl --> shiftx.edgehost.net /httpdocs/alexis/templates/subSilver/admin admin_message_body.tpl
2003.11.05 16:17 B E:\Documents and Settings\Andrew\Desktop\alexis\templates\subSilver\admin\auth_forum_body.tpl --> shiftx.edgehost.net /httpdocs/alexis/templates/subSilver/admin auth_forum_body.tpl
2003.11.05 16:17 B E:\Documents and Settings\Andrew\Desktop\alexis\templates\subSilver\admin\auth_select_body.tpl --> shiftx.edgehost.net /httpdocs/alexis/templates/subSilver/admin auth_select_body.tpl
2003.11.05 16:18 B E:\Documents and Settings\Andrew\Desktop\alexis\templates\subSilver\admin\auth_ug_body.tpl --> shiftx.edgehost.net /httpdocs/alexis/templates/subSilver/admin auth_ug_body.tpl
2003.11.05 16:18 B E:\Documents and Settings\Andrew\Desktop\alexis\templates\subSilver\admin\board_config_body.tpl --> shiftx.edgehost.net /httpdocs/alexis/templates/subSilver/admin board_config_body.tpl
2003.11.05 16:18 B E:\Documents and Settings\Andrew\Desktop\alexis\templates\subSilver\admin\category_edit_body.tpl --> shiftx.edgehost.net /httpdocs/alexis/templates/subSilver/admin category_edit_body.tpl
2003.11.05 16:18 B E:\Documents and Settings\Andrew\Desktop\alexis\templates\subSilver\admin\db_utils_backup_body.tpl --> shiftx.edgehost.net /httpdocs/alexis/templates/subSilver/admin db_utils_backup_body.tpl
2003.11.05 16:18 B E:\Documents and Settings\Andrew\Desktop\alexis\templates\subSilver\admin\db_utils_restore_body.tpl --> shiftx.edgehost.net /httpdocs/alexis/templates/subSilver/admin db_utils_restore_body.tpl
2003.11.05 16:18 B E:\Documents and Settings\Andrew\Desktop\alexis\templates\subSilver\admin\disallow_body.tpl --> shiftx.edgehost.net /httpdocs/alexis/templates/subSilver/admin disallow_body.tpl
2003.11.05 16:18 B E:\Documents and Settings\Andrew\Desktop\alexis\templates\subSilver\admin\forum_admin_body.tpl --> shiftx.edgehost.net /httpdocs/alexis/templates/subSilver/admin forum_admin_body.tpl
2003.11.05 16:18 B E:\Documents and Settings\Andrew\Desktop\alexis\templates\subSilver\admin\forum_delete_body.tpl --> shiftx.edgehost.net /httpdocs/alexis/templates/subSilver/admin forum_delete_body.tpl
2003.11.05 16:18 B E:\Documents and Settings\Andrew\Desktop\alexis\templates\subSilver\admin\forum_edit_body.tpl --> shiftx.edgehost.net /httpdocs/alexis/templates/subSilver/admin forum_edit_body.tpl
2003.11.05 16:18 B E:\Documents and Settings\Andrew\Desktop\alexis\templates\subSilver\admin\forum_prune_body.tpl --> shiftx.edgehost.net /httpdocs/alexis/templates/subSilver/admin forum_prune_body.tpl
2003.11.05 16:18 B E:\Documents and Settings\Andrew\Desktop\alexis\templates\subSilver\admin\forum_prune_result_body.tpl --> shiftx.edgehost.net /httpdocs/alexis/templates/subSilver/admin forum_prune_result_body.tpl
2003.11.05 16:18 B E:\Documents and Settings\Andrew\Desktop\alexis\templates\subSilver\admin\forum_prune_select_body.tpl --> shiftx.edgehost.net /httpdocs/alexis/templates/subSilver/admin forum_prune_select_body.tpl
2003.11.05 16:18 B E:\Documents and Settings\Andrew\Desktop\alexis\templates\subSilver\admin\group_edit_body.tpl --> shiftx.edgehost.net /httpdocs/alexis/templates/subSilver/admin group_edit_body.tpl
2003.11.05 16:18 B E:\Documents and Settings\Andrew\Desktop\alexis\templates\subSilver\admin\group_select_body.tpl --> shiftx.edgehost.net /httpdocs/alexis/templates/subSilver/admin group_select_body.tpl
2003.11.05 16:18 B E:\Documents and Settings\Andrew\Desktop\alexis\templates\subSilver\admin\index.htm --> shiftx.edgehost.net /httpdocs/alexis/templates/subSilver/admin index.htm
2003.11.05 16:18 B E:\Documents and Settings\Andrew\Desktop\alexis\templates\subSilver\admin\index_body.tpl --> shiftx.edgehost.net /httpdocs/alexis/templates/subSilver/admin index_body.tpl
2003.11.05 16:18 B E:\Documents and Settings\Andrew\Desktop\alexis\templates\subSilver\admin\index_frameset.tpl --> shiftx.edgehost.net /httpdocs/alexis/templates/subSilver/admin index_frameset.tpl
2003.11.05 16:18 B E:\Documents and Settings\Andrew\Desktop\alexis\templates\subSilver\admin\index_navigate.tpl --> shiftx.edgehost.net /httpdocs/alexis/templates/subSilver/admin index_navigate.tpl
2003.11.05 16:18 B E:\Documents and Settings\Andrew\Desktop\alexis\templates\subSilver\admin\page_footer.tpl --> shiftx.edgehost.net /httpdocs/alexis/templates/subSilver/admin page_footer.tpl
2003.11.05 16:18 B E:\Documents and Settings\Andrew\Desktop\alexis\templates\subSilver\admin\page_header.tpl --> shiftx.edgehost.net /httpdocs/alexis/templates/subSilver/admin page_header.tpl
2003.11.05 16:18 B E:\Documents and Settings\Andrew\Desktop\alexis\templates\subSilver\admin\ranks_edit_body.tpl --> shiftx.edgehost.net /httpdocs/alexis/templates/subSilver/admin ranks_edit_body.tpl
2003.11.05 16:18 B E:\Documents and Settings\Andrew\Desktop\alexis\templates\subSilver\admin\ranks_list_body.tpl --> shiftx.edgehost.net /httpdocs/alexis/templates/subSilver/admin ranks_list_body.tpl
2003.11.05 16:18 B E:\Documents and Settings\Andrew\Desktop\alexis\templates\subSilver\admin\smile_edit_body.tpl --> shiftx.edgehost.net /httpdocs/alexis/templates/subSilver/admin smile_edit_body.tpl
2003.11.05 16:18 B E:\Documents and Settings\Andrew\Desktop\alexis\templates\subSilver\admin\smile_import_body.tpl --> shiftx.edgehost.net /httpdocs/alexis/templates/subSilver/admin smile_import_body.tpl
2003.11.05 16:18 B E:\Documents and Settings\Andrew\Desktop\alexis\templates\subSilver\admin\smile_list_body.tpl --> shiftx.edgehost.net /httpdocs/alexis/templates/subSilver/admin smile_list_body.tpl
2003.11.05 16:18 B E:\Documents and Settings\Andrew\Desktop\alexis\templates\subSilver\admin\styles_addnew_body.tpl --> shiftx.edgehost.net /httpdocs/alexis/templates/subSilver/admin styles_addnew_body.tpl
2003.11.05 16:18 B E:\Documents and Settings\Andrew\Desktop\alexis\templates\subSilver\admin\styles_edit_body.tpl --> shiftx.edgehost.net /httpdocs/alexis/templates/subSilver/admin styles_edit_body.tpl
2003.11.05 16:18 B E:\Documents and Settings\Andrew\Desktop\alexis\templates\subSilver\admin\styles_exporter.tpl --> shiftx.edgehost.net /httpdocs/alexis/templates/subSilver/admin styles_exporter.tpl
2003.11.05 16:18 B E:\Documents and Settings\Andrew\Desktop\alexis\templates\subSilver\admin\styles_list_body.tpl --> shiftx.edgehost.net /httpdocs/alexis/templates/subSilver/admin styles_list_body.tpl
2003.11.05 16:18 B E:\Documents and Settings\Andrew\Desktop\alexis\templates\subSilver\admin\user_avatar_gallery.tpl --> shiftx.edgehost.net /httpdocs/alexis/templates/subSilver/admin user_avatar_gallery.tpl
2003.11.05 16:18 B E:\Documents and Settings\Andrew\Desktop\alexis\templates\subSilver\admin\user_ban_body.tpl --> shiftx.edgehost.net /httpdocs/alexis/templates/subSilver/admin user_ban_body.tpl
2003.11.05 16:18 B E:\Documents and Settings\Andrew\Desktop\alexis\templates\subSilver\admin\user_edit_body.tpl --> shiftx.edgehost.net /httpdocs/alexis/templates/subSilver/admin user_edit_body.tpl
2003.11.05 16:18 B E:\Documents and Settings\Andrew\Desktop\alexis\templates\subSilver\admin\user_email_body.tpl --> shiftx.edgehost.net /httpdocs/alexis/templates/subSilver/admin user_email_body.tpl
2003.11.05 16:18 B E:\Documents and Settings\Andrew\Desktop\alexis\templates\subSilver\admin\user_select_body.tpl --> shiftx.edgehost.net /httpdocs/alexis/templates/subSilver/admin user_select_body.tpl
2003.11.05 16:18 B E:\Documents and Settings\Andrew\Desktop\alexis\templates\subSilver\admin\words_edit_body.tpl --> shiftx.edgehost.net /httpdocs/alexis/templates/subSilver/admin words_edit_body.tpl
2003.11.05 16:18 B E:\Documents and Settings\Andrew\Desktop\alexis\templates\subSilver\admin\words_list_body.tpl --> shiftx.edgehost.net /httpdocs/alexis/templates/subSilver/admin words_list_body.tpl
2003.11.05 16:18 B E:\Documents and Settings\Andrew\Desktop\alexis\templates\subSilver\admin\WS_FTP.LOG --> shiftx.edgehost.net /httpdocs/alexis/templates/subSilver/admin WS_FTP.LOG
2003.11.05 19:48 B E:\Documents and Settings\Andrew\Desktop\alexis\templates\subSilver\admin\admin_message_body.tpl --> ftp.shiftx.edgehost.net /templates/subSilver/admin admin_message_body.tpl
2003.11.05 19:48 B E:\Documents and Settings\Andrew\Desktop\alexis\templates\subSilver\admin\auth_forum_body.tpl --> ftp.shiftx.edgehost.net /templates/subSilver/admin auth_forum_body.tpl
2003.11.05 19:48 B E:\Documents and Settings\Andrew\Desktop\alexis\templates\subSilver\admin\auth_select_body.tpl --> ftp.shiftx.edgehost.net /templates/subSilver/admin auth_select_body.tpl
2003.11.05 19:48 B E:\Documents and Settings\Andrew\Desktop\alexis\templates\subSilver\admin\auth_ug_body.tpl --> ftp.shiftx.edgehost.net /templates/subSilver/admin auth_ug_body.tpl
2003.11.05 19:48 B E:\Documents and Settings\Andrew\Desktop\alexis\templates\subSilver\admin\board_config_body.tpl --> ftp.shiftx.edgehost.net /templates/subSilver/admin board_config_body.tpl
2003.11.05 19:48 B E:\Documents and Settings\Andrew\Desktop\alexis\templates\subSilver\admin\category_edit_body.tpl --> ftp.shiftx.edgehost.net /templates/subSilver/admin category_edit_body.tpl
2003.11.05 19:48 B E:\Documents and Settings\Andrew\Desktop\alexis\templates\subSilver\admin\db_utils_backup_body.tpl --> ftp.shiftx.edgehost.net /templates/subSilver/admin db_utils_backup_body.tpl
2003.11.05 19:48 B E:\Documents and Settings\Andrew\Desktop\alexis\templates\subSilver\admin\db_utils_restore_body.tpl --> ftp.shiftx.edgehost.net /templates/subSilver/admin db_utils_restore_body.tpl
2003.11.05 19:48 B E:\Documents and Settings\Andrew\Desktop\alexis\templates\subSilver\admin\disallow_body.tpl --> ftp.shiftx.edgehost.net /templates/subSilver/admin disallow_body.tpl
2003.11.05 19:48 B E:\Documents and Settings\Andrew\Desktop\alexis\templates\subSilver\admin\forum_admin_body.tpl --> ftp.shiftx.edgehost.net /templates/subSilver/admin forum_admin_body.tpl
2003.11.05 19:48 B E:\Documents and Settings\Andrew\Desktop\alexis\templates\subSilver\admin\forum_delete_body.tpl --> ftp.shiftx.edgehost.net /templates/subSilver/admin forum_delete_body.tpl
2003.11.05 19:48 B E:\Documents and Settings\Andrew\Desktop\alexis\templates\subSilver\admin\forum_edit_body.tpl --> ftp.shiftx.edgehost.net /templates/subSilver/admin forum_edit_body.tpl
2003.11.05 19:48 B E:\Documents and Settings\Andrew\Desktop\alexis\templates\subSilver\admin\forum_prune_body.tpl --> ftp.shiftx.edgehost.net /templates/subSilver/admin forum_prune_body.tpl
2003.11.05 19:48 B E:\Documents and Settings\Andrew\Desktop\alexis\templates\subSilver\admin\forum_prune_result_body.tpl --> ftp.shiftx.edgehost.net /templates/subSilver/admin forum_prune_result_body.tpl
2003.11.05 19:48 B E:\Documents and Settings\Andrew\Desktop\alexis\templates\subSilver\admin\forum_prune_select_body.tpl --> ftp.shiftx.edgehost.net /templates/subSilver/admin forum_prune_select_body.tpl
2003.11.05 19:48 B E:\Documents and Settings\Andrew\Desktop\alexis\templates\subSilver\admin\group_edit_body.tpl --> ftp.shiftx.edgehost.net /templates/subSilver/admin group_edit_body.tpl
2003.11.05 19:48 B E:\Documents and Settings\Andrew\Desktop\alexis\templates\subSilver\admin\group_select_body.tpl --> ftp.shiftx.edgehost.net /templates/subSilver/admin group_select_body.tpl
2003.11.05 19:48 B E:\Documents and Settings\Andrew\Desktop\alexis\templates\subSilver\admin\index.htm --> ftp.shiftx.edgehost.net /templates/subSilver/admin index.htm
2003.11.05 19:48 B E:\Documents and Settings\Andrew\Desktop\alexis\templates\subSilver\admin\index_body.tpl --> ftp.shiftx.edgehost.net /templates/subSilver/admin index_body.tpl
2003.11.05 19:48 B E:\Documents and Settings\Andrew\Desktop\alexis\templates\subSilver\admin\index_frameset.tpl --> ftp.shiftx.edgehost.net /templates/subSilver/admin index_frameset.tpl
2003.11.05 19:48 B E:\Documents and Settings\Andrew\Desktop\alexis\templates\subSilver\admin\index_navigate.tpl --> ftp.shiftx.edgehost.net /templates/subSilver/admin index_navigate.tpl
2003.11.05 19:48 B E:\Documents and Settings\Andrew\Desktop\alexis\templates\subSilver\admin\page_footer.tpl --> ftp.shiftx.edgehost.net /templates/subSilver/admin page_footer.tpl
2003.11.05 19:48 B E:\Documents and Settings\Andrew\Desktop\alexis\templates\subSilver\admin\page_header.tpl --> ftp.shiftx.edgehost.net /templates/subSilver/admin page_header.tpl
2003.11.05 19:48 B E:\Documents and Settings\Andrew\Desktop\alexis\templates\subSilver\admin\ranks_edit_body.tpl --> ftp.shiftx.edgehost.net /templates/subSilver/admin ranks_edit_body.tpl
2003.11.05 19:48 B E:\Documents and Settings\Andrew\Desktop\alexis\templates\subSilver\admin\ranks_list_body.tpl --> ftp.shiftx.edgehost.net /templates/subSilver/admin ranks_list_body.tpl
2003.11.05 19:48 B E:\Documents and Settings\Andrew\Desktop\alexis\templates\subSilver\admin\smile_edit_body.tpl --> ftp.shiftx.edgehost.net /templates/subSilver/admin smile_edit_body.tpl
2003.11.05 19:48 B E:\Documents and Settings\Andrew\Desktop\alexis\templates\subSilver\admin\smile_import_body.tpl --> ftp.shiftx.edgehost.net /templates/subSilver/admin smile_import_body.tpl
2003.11.05 19:48 B E:\Documents and Settings\Andrew\Desktop\alexis\templates\subSilver\admin\smile_list_body.tpl --> ftp.shiftx.edgehost.net /templates/subSilver/admin smile_list_body.tpl
2003.11.05 19:48 B E:\Documents and Settings\Andrew\Desktop\alexis\templates\subSilver\admin\styles_addnew_body.tpl --> ftp.shiftx.edgehost.net /templates/subSilver/admin styles_addnew_body.tpl
2003.11.05 19:48 B E:\Documents and Settings\Andrew\Desktop\alexis\templates\subSilver\admin\styles_edit_body.tpl --> ftp.shiftx.edgehost.net /templates/subSilver/admin styles_edit_body.tpl
2003.11.05 19:48 B E:\Documents and Settings\Andrew\Desktop\alexis\templates\subSilver\admin\styles_exporter.tpl --> ftp.shiftx.edgehost.net /templates/subSilver/admin styles_exporter.tpl
2003.11.05 19:48 B E:\Documents and Settings\Andrew\Desktop\alexis\templates\subSilver\admin\styles_list_body.tpl --> ftp.shiftx.edgehost.net /templates/subSilver/admin styles_list_body.tpl
2003.11.05 19:48 B E:\Documents and Settings\Andrew\Desktop\alexis\templates\subSilver\admin\user_avatar_gallery.tpl --> ftp.shiftx.edgehost.net /templates/subSilver/admin user_avatar_gallery.tpl
2003.11.05 19:48 B E:\Documents and Settings\Andrew\Desktop\alexis\templates\subSilver\admin\user_ban_body.tpl --> ftp.shiftx.edgehost.net /templates/subSilver/admin user_ban_body.tpl
2003.11.05 19:48 B E:\Documents and Settings\Andrew\Desktop\alexis\templates\subSilver\admin\user_edit_body.tpl --> ftp.shiftx.edgehost.net /templates/subSilver/admin user_edit_body.tpl
2003.11.05 19:48 B E:\Documents and Settings\Andrew\Desktop\alexis\templates\subSilver\admin\user_email_body.tpl --> ftp.shiftx.edgehost.net /templates/subSilver/admin user_email_body.tpl
2003.11.05 19:48 B E:\Documents and Settings\Andrew\Desktop\alexis\templates\subSilver\admin\user_select_body.tpl --> ftp.shiftx.edgehost.net /templates/subSilver/admin user_select_body.tpl
2003.11.05 19:48 B E:\Documents and Settings\Andrew\Desktop\alexis\templates\subSilver\admin\words_edit_body.tpl --> ftp.shiftx.edgehost.net /templates/subSilver/admin words_edit_body.tpl
2003.11.05 19:48 B E:\Documents and Settings\Andrew\Desktop\alexis\templates\subSilver\admin\words_list_body.tpl --> ftp.shiftx.edgehost.net /templates/subSilver/admin words_list_body.tpl
2003.11.05 19:48 B E:\Documents and Settings\Andrew\Desktop\alexis\templates\subSilver\admin\WS_FTP.LOG --> ftp.shiftx.edgehost.net /templates/subSilver/admin WS_FTP.LOG
2003.11.05 19:57 B E:\Documents and Settings\Andrew\Desktop\alexis\templates\subSilver\admin\admin_message_body.tpl --> ftp.shiftx.edgehost.net /alexis/templates/subSilver/admin admin_message_body.tpl
2003.11.05 19:57 B E:\Documents and Settings\Andrew\Desktop\alexis\templates\subSilver\admin\auth_forum_body.tpl --> ftp.shiftx.edgehost.net /alexis/templates/subSilver/admin auth_forum_body.tpl
2003.11.05 19:57 B E:\Documents and Settings\Andrew\Desktop\alexis\templates\subSilver\admin\auth_select_body.tpl --> ftp.shiftx.edgehost.net /alexis/templates/subSilver/admin auth_select_body.tpl
2003.11.05 19:57 B E:\Documents and Settings\Andrew\Desktop\alexis\templates\subSilver\admin\auth_ug_body.tpl --> ftp.shiftx.edgehost.net /alexis/templates/subSilver/admin auth_ug_body.tpl
2003.11.05 19:57 B E:\Documents and Settings\Andrew\Desktop\alexis\templates\subSilver\admin\board_config_body.tpl --> ftp.shiftx.edgehost.net /alexis/templates/subSilver/admin board_config_body.tpl
2003.11.05 19:57 B E:\Documents and Settings\Andrew\Desktop\alexis\templates\subSilver\admin\category_edit_body.tpl --> ftp.shiftx.edgehost.net /alexis/templates/subSilver/admin category_edit_body.tpl
2003.11.05 19:57 B E:\Documents and Settings\Andrew\Desktop\alexis\templates\subSilver\admin\db_utils_backup_body.tpl --> ftp.shiftx.edgehost.net /alexis/templates/subSilver/admin db_utils_backup_body.tpl
2003.11.05 19:57 B E:\Documents and Settings\Andrew\Desktop\alexis\templates\subSilver\admin\db_utils_restore_body.tpl --> ftp.shiftx.edgehost.net /alexis/templates/subSilver/admin db_utils_restore_body.tpl
2003.11.05 19:57 B E:\Documents and Settings\Andrew\Desktop\alexis\templates\subSilver\admin\disallow_body.tpl --> ftp.shiftx.edgehost.net /alexis/templates/subSilver/admin disallow_body.tpl
2003.11.05 19:57 B E:\Documents and Settings\Andrew\Desktop\alexis\templates\subSilver\admin\forum_admin_body.tpl --> ftp.shiftx.edgehost.net /alexis/templates/subSilver/admin forum_admin_body.tpl
2003.11.05 19:57 B E:\Documents and Settings\Andrew\Desktop\alexis\templates\subSilver\admin\forum_delete_body.tpl --> ftp.shiftx.edgehost.net /alexis/templates/subSilver/admin forum_delete_body.tpl
2003.11.05 19:57 B E:\Documents and Settings\Andrew\Desktop\alexis\templates\subSilver\admin\forum_edit_body.tpl --> ftp.shiftx.edgehost.net /alexis/templates/subSilver/admin forum_edit_body.tpl
2003.11.05 19:57 B E:\Documents and Settings\Andrew\Desktop\alexis\templates\subSilver\admin\forum_prune_body.tpl --> ftp.shiftx.edgehost.net /alexis/templates/subSilver/admin forum_prune_body.tpl
2003.11.05 19:57 B E:\Documents and Settings\Andrew\Desktop\alexis\templates\subSilver\admin\forum_prune_result_body.tpl --> ftp.shiftx.edgehost.net /alexis/templates/subSilver/admin forum_prune_result_body.tpl
2003.11.05 19:57 B E:\Documents and Settings\Andrew\Desktop\alexis\templates\subSilver\admin\forum_prune_select_body.tpl --> ftp.shiftx.edgehost.net /alexis/templates/subSilver/admin forum_prune_select_body.tpl
2003.11.05 19:57 B E:\Documents and Settings\Andrew\Desktop\alexis\templates\subSilver\admin\group_edit_body.tpl --> ftp.shiftx.edgehost.net /alexis/templates/subSilver/admin group_edit_body.tpl
2003.11.05 19:57 B E:\Documents and Settings\Andrew\Desktop\alexis\templates\subSilver\admin\group_select_body.tpl --> ftp.shiftx.edgehost.net /alexis/templates/subSilver/admin group_select_body.tpl
2003.11.05 19:57 B E:\Documents and Settings\Andrew\Desktop\alexis\templates\subSilver\admin\index.htm --> ftp.shiftx.edgehost.net /alexis/templates/subSilver/admin index.htm
2003.11.05 19:57 B E:\Documents and Settings\Andrew\Desktop\alexis\templates\subSilver\admin\index_body.tpl --> ftp.shiftx.edgehost.net /alexis/templates/subSilver/admin index_body.tpl
2003.11.05 19:57 B E:\Documents and Settings\Andrew\Desktop\alexis\templates\subSilver\admin\index_frameset.tpl --> ftp.shiftx.edgehost.net /alexis/templates/subSilver/admin index_frameset.tpl
2003.11.05 19:57 B E:\Documents and Settings\Andrew\Desktop\alexis\templates\subSilver\admin\index_navigate.tpl --> ftp.shiftx.edgehost.net /alexis/templates/subSilver/admin index_navigate.tpl
2003.11.05 19:57 B E:\Documents and Settings\Andrew\Desktop\alexis\templates\subSilver\admin\page_footer.tpl --> ftp.shiftx.edgehost.net /alexis/templates/subSilver/admin page_footer.tpl
2003.11.05 19:57 B E:\Documents and Settings\Andrew\Desktop\alexis\templates\subSilver\admin\page_header.tpl --> ftp.shiftx.edgehost.net /alexis/templates/subSilver/admin page_header.tpl
2003.11.05 19:57 B E:\Documents and Settings\Andrew\Desktop\alexis\templates\subSilver\admin\ranks_edit_body.tpl --> ftp.shiftx.edgehost.net /alexis/templates/subSilver/admin ranks_edit_body.tpl
2003.11.05 19:57 B E:\Documents and Settings\Andrew\Desktop\alexis\templates\subSilver\admin\ranks_list_body.tpl --> ftp.shiftx.edgehost.net /alexis/templates/subSilver/admin ranks_list_body.tpl
2003.11.05 19:57 B E:\Documents and Settings\Andrew\Desktop\alexis\templates\subSilver\admin\smile_edit_body.tpl --> ftp.shiftx.edgehost.net /alexis/templates/subSilver/admin smile_edit_body.tpl
2003.11.05 19:57 B E:\Documents and Settings\Andrew\Desktop\alexis\templates\subSilver\admin\smile_import_body.tpl --> ftp.shiftx.edgehost.net /alexis/templates/subSilver/admin smile_import_body.tpl
2003.11.05 19:57 B E:\Documents and Settings\Andrew\Desktop\alexis\templates\subSilver\admin\smile_list_body.tpl --> ftp.shiftx.edgehost.net /alexis/templates/subSilver/admin smile_list_body.tpl
2003.11.05 19:57 B E:\Documents and Settings\Andrew\Desktop\alexis\templates\subSilver\admin\styles_addnew_body.tpl --> ftp.shiftx.edgehost.net /alexis/templates/subSilver/admin styles_addnew_body.tpl
2003.11.05 19:57 B E:\Documents and Settings\Andrew\Desktop\alexis\templates\subSilver\admin\styles_edit_body.tpl --> ftp.shiftx.edgehost.net /alexis/templates/subSilver/admin styles_edit_body.tpl
2003.11.05 19:57 B E:\Documents and Settings\Andrew\Desktop\alexis\templates\subSilver\admin\styles_exporter.tpl --> ftp.shiftx.edgehost.net /alexis/templates/subSilver/admin styles_exporter.tpl
2003.11.05 19:57 B E:\Documents and Settings\Andrew\Desktop\alexis\templates\subSilver\admin\styles_list_body.tpl --> ftp.shiftx.edgehost.net /alexis/templates/subSilver/admin styles_list_body.tpl
2003.11.05 19:57 B E:\Documents and Settings\Andrew\Desktop\alexis\templates\subSilver\admin\user_avatar_gallery.tpl --> ftp.shiftx.edgehost.net /alexis/templates/subSilver/admin user_avatar_gallery.tpl
2003.11.05 19:57 B E:\Documents and Settings\Andrew\Desktop\alexis\templates\subSilver\admin\user_ban_body.tpl --> ftp.shiftx.edgehost.net /alexis/templates/subSilver/admin user_ban_body.tpl
2003.11.05 19:57 B E:\Documents and Settings\Andrew\Desktop\alexis\templates\subSilver\admin\user_edit_body.tpl --> ftp.shiftx.edgehost.net /alexis/templates/subSilver/admin user_edit_body.tpl
2003.11.05 19:57 B E:\Documents and Settings\Andrew\Desktop\alexis\templates\subSilver\admin\user_email_body.tpl --> ftp.shiftx.edgehost.net /alexis/templates/subSilver/admin user_email_body.tpl
2003.11.05 19:57 B E:\Documents and Settings\Andrew\Desktop\alexis\templates\subSilver\admin\user_select_body.tpl --> ftp.shiftx.edgehost.net /alexis/templates/subSilver/admin user_select_body.tpl
2003.11.05 19:57 B E:\Documents and Settings\Andrew\Desktop\alexis\templates\subSilver\admin\words_edit_body.tpl --> ftp.shiftx.edgehost.net /alexis/templates/subSilver/admin words_edit_body.tpl
2003.11.05 19:57 B E:\Documents and Settings\Andrew\Desktop\alexis\templates\subSilver\admin\words_list_body.tpl --> ftp.shiftx.edgehost.net /alexis/templates/subSilver/admin words_list_body.tpl
2003.11.05 19:57 B E:\Documents and Settings\Andrew\Desktop\alexis\templates\subSilver\admin\WS_FTP.LOG --> ftp.shiftx.edgehost.net /alexis/templates/subSilver/admin WS_FTP.LOG
2003.11.05 20:07 B E:\Documents and Settings\Andrew\Desktop\alexis\templates\subSilver\admin\admin_message_body.tpl --> ftp.dosgames.com /web/alexis/templates/subSilver/admin admin_message_body.tpl
2003.11.05 20:07 B E:\Documents and Settings\Andrew\Desktop\alexis\templates\subSilver\admin\auth_forum_body.tpl --> ftp.dosgames.com /web/alexis/templates/subSilver/admin auth_forum_body.tpl
2003.11.05 20:07 B E:\Documents and Settings\Andrew\Desktop\alexis\templates\subSilver\admin\auth_select_body.tpl --> ftp.dosgames.com /web/alexis/templates/subSilver/admin auth_select_body.tpl
2003.11.05 20:07 B E:\Documents and Settings\Andrew\Desktop\alexis\templates\subSilver\admin\auth_ug_body.tpl --> ftp.dosgames.com /web/alexis/templates/subSilver/admin auth_ug_body.tpl
2003.11.05 20:07 B E:\Documents and Settings\Andrew\Desktop\alexis\templates\subSilver\admin\board_config_body.tpl --> ftp.dosgames.com /web/alexis/templates/subSilver/admin board_config_body.tpl
2003.11.05 20:07 B E:\Documents and Settings\Andrew\Desktop\alexis\templates\subSilver\admin\category_edit_body.tpl --> ftp.dosgames.com /web/alexis/templates/subSilver/admin category_edit_body.tpl
2003.11.05 20:07 B E:\Documents and Settings\Andrew\Desktop\alexis\templates\subSilver\admin\db_utils_backup_body.tpl --> ftp.dosgames.com /web/alexis/templates/subSilver/admin db_utils_backup_body.tpl
2003.11.05 20:07 B E:\Documents and Settings\Andrew\Desktop\alexis\templates\subSilver\admin\db_utils_restore_body.tpl --> ftp.dosgames.com /web/alexis/templates/subSilver/admin db_utils_restore_body.tpl
2003.11.05 20:07 B E:\Documents and Settings\Andrew\Desktop\alexis\templates\subSilver\admin\disallow_body.tpl --> ftp.dosgames.com /web/alexis/templates/subSilver/admin disallow_body.tpl
2003.11.05 20:07 B E:\Documents and Settings\Andrew\Desktop\alexis\templates\subSilver\admin\forum_admin_body.tpl --> ftp.dosgames.com /web/alexis/templates/subSilver/admin forum_admin_body.tpl
2003.11.05 20:07 B E:\Documents and Settings\Andrew\Desktop\alexis\templates\subSilver\admin\forum_delete_body.tpl --> ftp.dosgames.com /web/alexis/templates/subSilver/admin forum_delete_body.tpl
2003.11.05 20:07 B E:\Documents and Settings\Andrew\Desktop\alexis\templates\subSilver\admin\forum_edit_body.tpl --> ftp.dosgames.com /web/alexis/templates/subSilver/admin forum_edit_body.tpl
2003.11.05 20:07 B E:\Documents and Settings\Andrew\Desktop\alexis\templates\subSilver\admin\forum_prune_body.tpl --> ftp.dosgames.com /web/alexis/templates/subSilver/admin forum_prune_body.tpl
2003.11.05 20:07 B E:\Documents and Settings\Andrew\Desktop\alexis\templates\subSilver\admin\forum_prune_result_body.tpl --> ftp.dosgames.com /web/alexis/templates/subSilver/admin forum_prune_result_body.tpl
2003.11.05 20:07 B E:\Documents and Settings\Andrew\Desktop\alexis\templates\subSilver\admin\forum_prune_select_body.tpl --> ftp.dosgames.com /web/alexis/templates/subSilver/admin forum_prune_select_body.tpl
2003.11.05 20:07 B E:\Documents and Settings\Andrew\Desktop\alexis\templates\subSilver\admin\group_edit_body.tpl --> ftp.dosgames.com /web/alexis/templates/subSilver/admin group_edit_body.tpl
2003.11.05 20:07 B E:\Documents and Settings\Andrew\Desktop\alexis\templates\subSilver\admin\group_select_body.tpl --> ftp.dosgames.com /web/alexis/templates/subSilver/admin group_select_body.tpl
2003.11.05 20:07 B E:\Documents and Settings\Andrew\Desktop\alexis\templates\subSilver\admin\index.htm --> ftp.dosgames.com /web/alexis/templates/subSilver/admin index.htm
2003.11.05 20:07 B E:\Documents and Settings\Andrew\Desktop\alexis\templates\subSilver\admin\index_body.tpl --> ftp.dosgames.com /web/alexis/templates/subSilver/admin index_body.tpl
2003.11.05 20:07 B E:\Documents and Settings\Andrew\Desktop\alexis\templates\subSilver\admin\index_frameset.tpl --> ftp.dosgames.com /web/alexis/templates/subSilver/admin index_frameset.tpl
2003.11.05 20:07 B E:\Documents and Settings\Andrew\Desktop\alexis\templates\subSilver\admin\index_navigate.tpl --> ftp.dosgames.com /web/alexis/templates/subSilver/admin index_navigate.tpl
2003.11.05 20:07 B E:\Documents and Settings\Andrew\Desktop\alexis\templates\subSilver\admin\page_footer.tpl --> ftp.dosgames.com /web/alexis/templates/subSilver/admin page_footer.tpl
2003.11.05 20:07 B E:\Documents and Settings\Andrew\Desktop\alexis\templates\subSilver\admin\page_header.tpl --> ftp.dosgames.com /web/alexis/templates/subSilver/admin page_header.tpl
2003.11.05 20:07 B E:\Documents and Settings\Andrew\Desktop\alexis\templates\subSilver\admin\ranks_edit_body.tpl --> ftp.dosgames.com /web/alexis/templates/subSilver/admin ranks_edit_body.tpl
2003.11.05 20:07 B E:\Documents and Settings\Andrew\Desktop\alexis\templates\subSilver\admin\ranks_list_body.tpl --> ftp.dosgames.com /web/alexis/templates/subSilver/admin ranks_list_body.tpl
2003.11.05 20:07 B E:\Documents and Settings\Andrew\Desktop\alexis\templates\subSilver\admin\smile_edit_body.tpl --> ftp.dosgames.com /web/alexis/templates/subSilver/admin smile_edit_body.tpl
2003.11.05 20:07 B E:\Documents and Settings\Andrew\Desktop\alexis\templates\subSilver\admin\smile_import_body.tpl --> ftp.dosgames.com /web/alexis/templates/subSilver/admin smile_import_body.tpl
2003.11.05 20:07 B E:\Documents and Settings\Andrew\Desktop\alexis\templates\subSilver\admin\smile_list_body.tpl --> ftp.dosgames.com /web/alexis/templates/subSilver/admin smile_list_body.tpl
2003.11.05 20:07 B E:\Documents and Settings\Andrew\Desktop\alexis\templates\subSilver\admin\styles_addnew_body.tpl --> ftp.dosgames.com /web/alexis/templates/subSilver/admin styles_addnew_body.tpl
2003.11.05 20:07 B E:\Documents and Settings\Andrew\Desktop\alexis\templates\subSilver\admin\styles_edit_body.tpl --> ftp.dosgames.com /web/alexis/templates/subSilver/admin styles_edit_body.tpl
2003.11.05 20:07 B E:\Documents and Settings\Andrew\Desktop\alexis\templates\subSilver\admin\styles_exporter.tpl --> ftp.dosgames.com /web/alexis/templates/subSilver/admin styles_exporter.tpl
2003.11.05 20:07 B E:\Documents and Settings\Andrew\Desktop\alexis\templates\subSilver\admin\styles_list_body.tpl --> ftp.dosgames.com /web/alexis/templates/subSilver/admin styles_list_body.tpl
2003.11.05 20:07 B E:\Documents and Settings\Andrew\Desktop\alexis\templates\subSilver\admin\user_avatar_gallery.tpl --> ftp.dosgames.com /web/alexis/templates/subSilver/admin user_avatar_gallery.tpl
2003.11.05 20:07 B E:\Documents and Settings\Andrew\Desktop\alexis\templates\subSilver\admin\user_ban_body.tpl --> ftp.dosgames.com /web/alexis/templates/subSilver/admin user_ban_body.tpl
2003.11.05 20:07 B E:\Documents and Settings\Andrew\Desktop\alexis\templates\subSilver\admin\user_edit_body.tpl --> ftp.dosgames.com /web/alexis/templates/subSilver/admin user_edit_body.tpl
2003.11.05 20:07 B E:\Documents and Settings\Andrew\Desktop\alexis\templates\subSilver\admin\user_email_body.tpl --> ftp.dosgames.com /web/alexis/templates/subSilver/admin user_email_body.tpl
2003.11.05 20:07 B E:\Documents and Settings\Andrew\Desktop\alexis\templates\subSilver\admin\user_select_body.tpl --> ftp.dosgames.com /web/alexis/templates/subSilver/admin user_select_body.tpl
2003.11.05 20:07 B E:\Documents and Settings\Andrew\Desktop\alexis\templates\subSilver\admin\words_edit_body.tpl --> ftp.dosgames.com /web/alexis/templates/subSilver/admin words_edit_body.tpl
2003.11.05 20:08 B E:\Documents and Settings\Andrew\Desktop\alexis\templates\subSilver\admin\words_list_body.tpl --> ftp.dosgames.com /web/alexis/templates/subSilver/admin words_list_body.tpl
2003.11.05 20:08 B E:\Documents and Settings\Andrew\Desktop\alexis\templates\subSilver\admin\WS_FTP.LOG --> ftp.dosgames.com /web/alexis/templates/subSilver/admin WS_FTP.LOG
2003.11.05 20:12 B E:\Documents and Settings\Andrew\Desktop\alexisonfire\templates\subSilver\admin\admin_message_body.tpl --> shiftx.edgehost.net /httpdocs/alexisonfire/templates/subSilver/admin admin_message_body.tpl
2003.11.05 20:12 B E:\Documents and Settings\Andrew\Desktop\alexisonfire\templates\subSilver\admin\auth_forum_body.tpl --> shiftx.edgehost.net /httpdocs/alexisonfire/templates/subSilver/admin auth_forum_body.tpl
2003.11.05 20:12 B E:\Documents and Settings\Andrew\Desktop\alexisonfire\templates\subSilver\admin\auth_select_body.tpl --> shiftx.edgehost.net /httpdocs/alexisonfire/templates/subSilver/admin auth_select_body.tpl
2003.11.05 20:12 B E:\Documents and Settings\Andrew\Desktop\alexisonfire\templates\subSilver\admin\auth_ug_body.tpl --> shiftx.edgehost.net /httpdocs/alexisonfire/templates/subSilver/admin auth_ug_body.tpl
2003.11.05 20:12 B E:\Documents and Settings\Andrew\Desktop\alexisonfire\templates\subSilver\admin\board_config_body.tpl --> shiftx.edgehost.net /httpdocs/alexisonfire/templates/subSilver/admin board_config_body.tpl
2003.11.05 20:12 B E:\Documents and Settings\Andrew\Desktop\alexisonfire\templates\subSilver\admin\category_edit_body.tpl --> shiftx.edgehost.net /httpdocs/alexisonfire/templates/subSilver/admin category_edit_body.tpl
2003.11.05 20:12 B E:\Documents and Settings\Andrew\Desktop\alexisonfire\templates\subSilver\admin\db_utils_backup_body.tpl --> shiftx.edgehost.net /httpdocs/alexisonfire/templates/subSilver/admin db_utils_backup_body.tpl
2003.11.05 20:12 B E:\Documents and Settings\Andrew\Desktop\alexisonfire\templates\subSilver\admin\db_utils_restore_body.tpl --> shiftx.edgehost.net /httpdocs/alexisonfire/templates/subSilver/admin db_utils_restore_body.tpl
2003.11.05 20:12 B E:\Documents and Settings\Andrew\Desktop\alexisonfire\templates\subSilver\admin\disallow_body.tpl --> shiftx.edgehost.net /httpdocs/alexisonfire/templates/subSilver/admin disallow_body.tpl
2003.11.05 20:12 B E:\Documents and Settings\Andrew\Desktop\alexisonfire\templates\subSilver\admin\forum_admin_body.tpl --> shiftx.edgehost.net /httpdocs/alexisonfire/templates/subSilver/admin forum_admin_body.tpl
2003.11.05 20:12 B E:\Documents and Settings\Andrew\Desktop\alexisonfire\templates\subSilver\admin\forum_delete_body.tpl --> shiftx.edgehost.net /httpdocs/alexisonfire/templates/subSilver/admin forum_delete_body.tpl
2003.11.05 20:12 B E:\Documents and Settings\Andrew\Desktop\alexisonfire\templates\subSilver\admin\forum_edit_body.tpl --> shiftx.edgehost.net /httpdocs/alexisonfire/templates/subSilver/admin forum_edit_body.tpl
2003.11.05 20:12 B E:\Documents and Settings\Andrew\Desktop\alexisonfire\templates\subSilver\admin\forum_prune_body.tpl --> shiftx.edgehost.net /httpdocs/alexisonfire/templates/subSilver/admin forum_prune_body.tpl
2003.11.05 20:12 B E:\Documents and Settings\Andrew\Desktop\alexisonfire\templates\subSilver\admin\forum_prune_result_body.tpl --> shiftx.edgehost.net /httpdocs/alexisonfire/templates/subSilver/admin forum_prune_result_body.tpl
2003.11.05 20:12 B E:\Documents and Settings\Andrew\Desktop\alexisonfire\templates\subSilver\admin\forum_prune_select_body.tpl --> shiftx.edgehost.net /httpdocs/alexisonfire/templates/subSilver/admin forum_prune_select_body.tpl
2003.11.05 20:12 B E:\Documents and Settings\Andrew\Desktop\alexisonfire\templates\subSilver\admin\group_edit_body.tpl --> shiftx.edgehost.net /httpdocs/alexisonfire/templates/subSilver/admin group_edit_body.tpl
2003.11.05 20:12 B E:\Documents and Settings\Andrew\Desktop\alexisonfire\templates\subSilver\admin\group_select_body.tpl --> shiftx.edgehost.net /httpdocs/alexisonfire/templates/subSilver/admin group_select_body.tpl
2003.11.05 20:12 B E:\Documents and Settings\Andrew\Desktop\alexisonfire\templates\subSilver\admin\index.htm --> shiftx.edgehost.net /httpdocs/alexisonfire/templates/subSilver/admin index.htm
2003.11.05 20:12 B E:\Documents and Settings\Andrew\Desktop\alexisonfire\templates\subSilver\admin\index_body.tpl --> shiftx.edgehost.net /httpdocs/alexisonfire/templates/subSilver/admin index_body.tpl
2003.11.05 20:12 B E:\Documents and Settings\Andrew\Desktop\alexisonfire\templates\subSilver\admin\index_frameset.tpl --> shiftx.edgehost.net /httpdocs/alexisonfire/templates/subSilver/admin index_frameset.tpl
2003.11.05 20:12 B E:\Documents and Settings\Andrew\Desktop\alexisonfire\templates\subSilver\admin\index_navigate.tpl --> shiftx.edgehost.net /httpdocs/alexisonfire/templates/subSilver/admin index_navigate.tpl
2003.11.05 20:12 B E:\Documents and Settings\Andrew\Desktop\alexisonfire\templates\subSilver\admin\page_footer.tpl --> shiftx.edgehost.net /httpdocs/alexisonfire/templates/subSilver/admin page_footer.tpl
2003.11.05 20:12 B E:\Documents and Settings\Andrew\Desktop\alexisonfire\templates\subSilver\admin\page_header.tpl --> shiftx.edgehost.net /httpdocs/alexisonfire/templates/subSilver/admin page_header.tpl
2003.11.05 20:12 B E:\Documents and Settings\Andrew\Desktop\alexisonfire\templates\subSilver\admin\ranks_edit_body.tpl --> shiftx.edgehost.net /httpdocs/alexisonfire/templates/subSilver/admin ranks_edit_body.tpl
2003.11.05 20:12 B E:\Documents and Settings\Andrew\Desktop\alexisonfire\templates\subSilver\admin\ranks_list_body.tpl --> shiftx.edgehost.net /httpdocs/alexisonfire/templates/subSilver/admin ranks_list_body.tpl
2003.11.05 20:12 B E:\Documents and Settings\Andrew\Desktop\alexisonfire\templates\subSilver\admin\smile_edit_body.tpl --> shiftx.edgehost.net /httpdocs/alexisonfire/templates/subSilver/admin smile_edit_body.tpl
2003.11.05 20:12 B E:\Documents and Settings\Andrew\Desktop\alexisonfire\templates\subSilver\admin\smile_import_body.tpl --> shiftx.edgehost.net /httpdocs/alexisonfire/templates/subSilver/admin smile_import_body.tpl
2003.11.05 20:12 B E:\Documents and Settings\Andrew\Desktop\alexisonfire\templates\subSilver\admin\smile_list_body.tpl --> shiftx.edgehost.net /httpdocs/alexisonfire/templates/subSilver/admin smile_list_body.tpl
2003.11.05 20:12 B E:\Documents and Settings\Andrew\Desktop\alexisonfire\templates\subSilver\admin\styles_addnew_body.tpl --> shiftx.edgehost.net /httpdocs/alexisonfire/templates/subSilver/admin styles_addnew_body.tpl
2003.11.05 20:12 B E:\Documents and Settings\Andrew\Desktop\alexisonfire\templates\subSilver\admin\styles_edit_body.tpl --> shiftx.edgehost.net /httpdocs/alexisonfire/templates/subSilver/admin styles_edit_body.tpl
2003.11.05 20:12 B E:\Documents and Settings\Andrew\Desktop\alexisonfire\templates\subSilver\admin\styles_exporter.tpl --> shiftx.edgehost.net /httpdocs/alexisonfire/templates/subSilver/admin styles_exporter.tpl
2003.11.05 20:12 B E:\Documents and Settings\Andrew\Desktop\alexisonfire\templates\subSilver\admin\styles_list_body.tpl --> shiftx.edgehost.net /httpdocs/alexisonfire/templates/subSilver/admin styles_list_body.tpl
2003.11.05 20:12 B E:\Documents and Settings\Andrew\Desktop\alexisonfire\templates\subSilver\admin\user_avatar_gallery.tpl --> shiftx.edgehost.net /httpdocs/alexisonfire/templates/subSilver/admin user_avatar_gallery.tpl
2003.11.05 20:12 B E:\Documents and Settings\Andrew\Desktop\alexisonfire\templates\subSilver\admin\user_ban_body.tpl --> shiftx.edgehost.net /httpdocs/alexisonfire/templates/subSilver/admin user_ban_body.tpl
2003.11.05 20:13 B E:\Documents and Settings\Andrew\Desktop\alexisonfire\templates\subSilver\admin\user_edit_body.tpl --> shiftx.edgehost.net /httpdocs/alexisonfire/templates/subSilver/admin user_edit_body.tpl
2003.11.05 20:13 B E:\Documents and Settings\Andrew\Desktop\alexisonfire\templates\subSilver\admin\user_email_body.tpl --> shiftx.edgehost.net /httpdocs/alexisonfire/templates/subSilver/admin user_email_body.tpl
2003.11.05 20:13 B E:\Documents and Settings\Andrew\Desktop\alexisonfire\templates\subSilver\admin\user_select_body.tpl --> shiftx.edgehost.net /httpdocs/alexisonfire/templates/subSilver/admin user_select_body.tpl
2003.11.05 20:13 B E:\Documents and Settings\Andrew\Desktop\alexisonfire\templates\subSilver\admin\words_edit_body.tpl --> shiftx.edgehost.net /httpdocs/alexisonfire/templates/subSilver/admin words_edit_body.tpl
2003.11.05 20:13 B E:\Documents and Settings\Andrew\Desktop\alexisonfire\templates\subSilver\admin\words_list_body.tpl --> shiftx.edgehost.net /httpdocs/alexisonfire/templates/subSilver/admin words_list_body.tpl
2003.11.05 20:13 B E:\Documents and Settings\Andrew\Desktop\alexisonfire\templates\subSilver\admin\WS_FTP.LOG --> shiftx.edgehost.net /httpdocs/alexisonfire/templates/subSilver/admin WS_FTP.LOG
2003.11.05 21:09 B E:\Documents and Settings\Andrew\Desktop\alexis\admin\page_header.tpl --> shiftx.edgehost.net /httpdocs/alexisonfire/templates/alexis/admin page_header.tpl
2003.11.05 21:09 B E:\Documents and Settings\Andrew\Desktop\alexis\admin\index_navigate.tpl --> shiftx.edgehost.net /httpdocs/alexisonfire/templates/alexis/admin index_navigate.tpl
2003.11.05 21:09 B E:\Documents and Settings\Andrew\Desktop\alexis\admin\index_body.tpl --> shiftx.edgehost.net /httpdocs/alexisonfire/templates/alexis/admin index_body.tpl
2003.11.05 21:09 B E:\Documents and Settings\Andrew\Desktop\alexis\admin\forum_admin_body.tpl --> shiftx.edgehost.net /httpdocs/alexisonfire/templates/alexis/admin forum_admin_body.tpl
2003.11.05 21:09 B E:\Documents and Settings\Andrew\Desktop\alexis\admin\WS_FTP.LOG --> shiftx.edgehost.net /httpdocs/alexisonfire/templates/alexis/admin WS_FTP.LOG
2003.11.05 21:09 B E:\Documents and Settings\Andrew\Desktop\alexis\admin\words_list_body.tpl --> shiftx.edgehost.net /httpdocs/alexisonfire/templates/alexis/admin words_list_body.tpl
2003.11.05 21:09 B E:\Documents and Settings\Andrew\Desktop\alexis\admin\words_edit_body.tpl --> shiftx.edgehost.net /httpdocs/alexisonfire/templates/alexis/admin words_edit_body.tpl
2003.11.05 21:09 B E:\Documents and Settings\Andrew\Desktop\alexis\admin\user_select_body.tpl --> shiftx.edgehost.net /httpdocs/alexisonfire/templates/alexis/admin user_select_body.tpl
2003.11.05 21:09 B E:\Documents and Settings\Andrew\Desktop\alexis\admin\user_email_body.tpl --> shiftx.edgehost.net /httpdocs/alexisonfire/templates/alexis/admin user_email_body.tpl
2003.11.05 21:09 B E:\Documents and Settings\Andrew\Desktop\alexis\admin\user_edit_body.tpl --> shiftx.edgehost.net /httpdocs/alexisonfire/templates/alexis/admin user_edit_body.tpl
2003.11.05 21:09 B E:\Documents and Settings\Andrew\Desktop\alexis\admin\user_ban_body.tpl --> shiftx.edgehost.net /httpdocs/alexisonfire/templates/alexis/admin user_ban_body.tpl
2003.11.05 21:09 B E:\Documents and Settings\Andrew\Desktop\alexis\admin\user_avatar_gallery.tpl --> shiftx.edgehost.net /httpdocs/alexisonfire/templates/alexis/admin user_avatar_gallery.tpl
2003.11.05 21:09 B E:\Documents and Settings\Andrew\Desktop\alexis\admin\styles_list_body.tpl --> shiftx.edgehost.net /httpdocs/alexisonfire/templates/alexis/admin styles_list_body.tpl
2003.11.05 21:09 B E:\Documents and Settings\Andrew\Desktop\alexis\admin\styles_exporter.tpl --> shiftx.edgehost.net /httpdocs/alexisonfire/templates/alexis/admin styles_exporter.tpl
2003.11.05 21:09 B E:\Documents and Settings\Andrew\Desktop\alexis\admin\styles_edit_body.tpl --> shiftx.edgehost.net /httpdocs/alexisonfire/templates/alexis/admin styles_edit_body.tpl
2003.11.05 21:09 B E:\Documents and Settings\Andrew\Desktop\alexis\admin\styles_addnew_body.tpl --> shiftx.edgehost.net /httpdocs/alexisonfire/templates/alexis/admin styles_addnew_body.tpl
2003.11.05 21:09 B E:\Documents and Settings\Andrew\Desktop\alexis\admin\smile_list_body.tpl --> shiftx.edgehost.net /httpdocs/alexisonfire/templates/alexis/admin smile_list_body.tpl
2003.11.05 21:09 B E:\Documents and Settings\Andrew\Desktop\alexis\admin\smile_import_body.tpl --> shiftx.edgehost.net /httpdocs/alexisonfire/templates/alexis/admin smile_import_body.tpl
2003.11.05 21:09 B E:\Documents and Settings\Andrew\Desktop\alexis\admin\smile_edit_body.tpl --> shiftx.edgehost.net /httpdocs/alexisonfire/templates/alexis/admin smile_edit_body.tpl
2003.11.05 21:09 B E:\Documents and Settings\Andrew\Desktop\alexis\admin\ranks_list_body.tpl --> shiftx.edgehost.net /httpdocs/alexisonfire/templates/alexis/admin ranks_list_body.tpl
2003.11.05 21:09 B E:\Documents and Settings\Andrew\Desktop\alexis\admin\ranks_edit_body.tpl --> shiftx.edgehost.net /httpdocs/alexisonfire/templates/alexis/admin ranks_edit_body.tpl
2003.11.05 21:09 B E:\Documents and Settings\Andrew\Desktop\alexis\admin\page_footer.tpl --> shiftx.edgehost.net /httpdocs/alexisonfire/templates/alexis/admin page_footer.tpl
2003.11.05 21:09 B E:\Documents and Settings\Andrew\Desktop\alexis\admin\index_frameset.tpl --> shiftx.edgehost.net /httpdocs/alexisonfire/templates/alexis/admin index_frameset.tpl
2003.11.05 21:09 B E:\Documents and Settings\Andrew\Desktop\alexis\admin\index.htm --> shiftx.edgehost.net /httpdocs/alexisonfire/templates/alexis/admin index.htm
2003.11.05 21:09 B E:\Documents and Settings\Andrew\Desktop\alexis\admin\group_select_body.tpl --> shiftx.edgehost.net /httpdocs/alexisonfire/templates/alexis/admin group_select_body.tpl
2003.11.05 21:09 B E:\Documents and Settings\Andrew\Desktop\alexis\admin\group_edit_body.tpl --> shiftx.edgehost.net /httpdocs/alexisonfire/templates/alexis/admin group_edit_body.tpl
2003.11.05 21:09 B E:\Documents and Settings\Andrew\Desktop\alexis\admin\forum_prune_select_body.tpl --> shiftx.edgehost.net /httpdocs/alexisonfire/templates/alexis/admin forum_prune_select_body.tpl
2003.11.05 21:09 B E:\Documents and Settings\Andrew\Desktop\alexis\admin\forum_prune_result_body.tpl --> shiftx.edgehost.net /httpdocs/alexisonfire/templates/alexis/admin forum_prune_result_body.tpl
2003.11.05 21:09 B E:\Documents and Settings\Andrew\Desktop\alexis\admin\forum_prune_body.tpl --> shiftx.edgehost.net /httpdocs/alexisonfire/templates/alexis/admin forum_prune_body.tpl
2003.11.05 21:09 B E:\Documents and Settings\Andrew\Desktop\alexis\admin\forum_edit_body.tpl --> shiftx.edgehost.net /httpdocs/alexisonfire/templates/alexis/admin forum_edit_body.tpl
2003.11.05 21:09 B E:\Documents and Settings\Andrew\Desktop\alexis\admin\forum_delete_body.tpl --> shiftx.edgehost.net /httpdocs/alexisonfire/templates/alexis/admin forum_delete_body.tpl
2003.11.05 21:09 B E:\Documents and Settings\Andrew\Desktop\alexis\admin\disallow_body.tpl --> shiftx.edgehost.net /httpdocs/alexisonfire/templates/alexis/admin disallow_body.tpl
2003.11.05 21:09 B E:\Documents and Settings\Andrew\Desktop\alexis\admin\db_utils_restore_body.tpl --> shiftx.edgehost.net /httpdocs/alexisonfire/templates/alexis/admin db_utils_restore_body.tpl
2003.11.05 21:09 B E:\Documents and Settings\Andrew\Desktop\alexis\admin\db_utils_backup_body.tpl --> shiftx.edgehost.net /httpdocs/alexisonfire/templates/alexis/admin db_utils_backup_body.tpl
2003.11.05 21:09 B E:\Documents and Settings\Andrew\Desktop\alexis\admin\category_edit_body.tpl --> shiftx.edgehost.net /httpdocs/alexisonfire/templates/alexis/admin category_edit_body.tpl
2003.11.05 21:09 B E:\Documents and Settings\Andrew\Desktop\alexis\admin\board_config_body.tpl --> shiftx.edgehost.net /httpdocs/alexisonfire/templates/alexis/admin board_config_body.tpl
2003.11.05 21:09 B E:\Documents and Settings\Andrew\Desktop\alexis\admin\auth_ug_body.tpl --> shiftx.edgehost.net /httpdocs/alexisonfire/templates/alexis/admin auth_ug_body.tpl
2003.11.05 21:09 B E:\Documents and Settings\Andrew\Desktop\alexis\admin\auth_select_body.tpl --> shiftx.edgehost.net /httpdocs/alexisonfire/templates/alexis/admin auth_select_body.tpl
2003.11.05 21:09 B E:\Documents and Settings\Andrew\Desktop\alexis\admin\auth_forum_body.tpl --> shiftx.edgehost.net /httpdocs/alexisonfire/templates/alexis/admin auth_forum_body.tpl
2003.11.05 21:09 B E:\Documents and Settings\Andrew\Desktop\alexis\admin\admin_message_body.tpl --> shiftx.edgehost.net /httpdocs/alexisonfire/templates/alexis/admin admin_message_body.tpl
2003.11.06 12:17 B E:\Documents and Settings\Andrew\Desktop\alexis\admin\admin_message_body.tpl --> ftp.dosgames.com /web/alexis/templates/alexis/admin admin_message_body.tpl
2003.11.06 12:17 B E:\Documents and Settings\Andrew\Desktop\alexis\admin\auth_forum_body.tpl --> ftp.dosgames.com /web/alexis/templates/alexis/admin auth_forum_body.tpl
2003.11.06 12:17 B E:\Documents and Settings\Andrew\Desktop\alexis\admin\auth_select_body.tpl --> ftp.dosgames.com /web/alexis/templates/alexis/admin auth_select_body.tpl
2003.11.06 12:17 B E:\Documents and Settings\Andrew\Desktop\alexis\admin\auth_ug_body.tpl --> ftp.dosgames.com /web/alexis/templates/alexis/admin auth_ug_body.tpl
2003.11.06 12:17 B E:\Documents and Settings\Andrew\Desktop\alexis\admin\board_config_body.tpl --> ftp.dosgames.com /web/alexis/templates/alexis/admin board_config_body.tpl
2003.11.06 12:17 B E:\Documents and Settings\Andrew\Desktop\alexis\admin\category_edit_body.tpl --> ftp.dosgames.com /web/alexis/templates/alexis/admin category_edit_body.tpl
2003.11.06 12:17 B E:\Documents and Settings\Andrew\Desktop\alexis\admin\db_utils_backup_body.tpl --> ftp.dosgames.com /web/alexis/templates/alexis/admin db_utils_backup_body.tpl
2003.11.06 12:17 B E:\Documents and Settings\Andrew\Desktop\alexis\admin\db_utils_restore_body.tpl --> ftp.dosgames.com /web/alexis/templates/alexis/admin db_utils_restore_body.tpl
2003.11.06 12:17 B E:\Documents and Settings\Andrew\Desktop\alexis\admin\disallow_body.tpl --> ftp.dosgames.com /web/alexis/templates/alexis/admin disallow_body.tpl
2003.11.06 12:17 B E:\Documents and Settings\Andrew\Desktop\alexis\admin\forum_admin_body.tpl --> ftp.dosgames.com /web/alexis/templates/alexis/admin forum_admin_body.tpl
2003.11.06 12:17 B E:\Documents and Settings\Andrew\Desktop\alexis\admin\forum_delete_body.tpl --> ftp.dosgames.com /web/alexis/templates/alexis/admin forum_delete_body.tpl
2003.11.06 12:17 B E:\Documents and Settings\Andrew\Desktop\alexis\admin\forum_edit_body.tpl --> ftp.dosgames.com /web/alexis/templates/alexis/admin forum_edit_body.tpl
2003.11.06 12:17 B E:\Documents and Settings\Andrew\Desktop\alexis\admin\forum_prune_body.tpl --> ftp.dosgames.com /web/alexis/templates/alexis/admin forum_prune_body.tpl
2003.11.06 12:17 B E:\Documents and Settings\Andrew\Desktop\alexis\admin\forum_prune_result_body.tpl --> ftp.dosgames.com /web/alexis/templates/alexis/admin forum_prune_result_body.tpl
2003.11.06 12:17 B E:\Documents and Settings\Andrew\Desktop\alexis\admin\forum_prune_select_body.tpl --> ftp.dosgames.com /web/alexis/templates/alexis/admin forum_prune_select_body.tpl
2003.11.06 12:17 B E:\Documents and Settings\Andrew\Desktop\alexis\admin\group_edit_body.tpl --> ftp.dosgames.com /web/alexis/templates/alexis/admin group_edit_body.tpl
2003.11.06 12:17 B E:\Documents and Settings\Andrew\Desktop\alexis\admin\group_select_body.tpl --> ftp.dosgames.com /web/alexis/templates/alexis/admin group_select_body.tpl
2003.11.06 12:17 B E:\Documents and Settings\Andrew\Desktop\alexis\admin\index.htm --> ftp.dosgames.com /web/alexis/templates/alexis/admin index.htm
2003.11.06 12:17 B E:\Documents and Settings\Andrew\Desktop\alexis\admin\index_body.tpl --> ftp.dosgames.com /web/alexis/templates/alexis/admin index_body.tpl
2003.11.06 12:17 B E:\Documents and Settings\Andrew\Desktop\alexis\admin\index_frameset.tpl --> ftp.dosgames.com /web/alexis/templates/alexis/admin index_frameset.tpl
2003.11.06 12:17 B E:\Documents and Settings\Andrew\Desktop\alexis\admin\index_navigate.tpl --> ftp.dosgames.com /web/alexis/templates/alexis/admin index_navigate.tpl
2003.11.06 12:17 B E:\Documents and Settings\Andrew\Desktop\alexis\admin\page_footer.tpl --> ftp.dosgames.com /web/alexis/templates/alexis/admin page_footer.tpl
2003.11.06 12:17 B E:\Documents and Settings\Andrew\Desktop\alexis\admin\page_header.tpl --> ftp.dosgames.com /web/alexis/templates/alexis/admin page_header.tpl
2003.11.06 12:17 B E:\Documents and Settings\Andrew\Desktop\alexis\admin\ranks_edit_body.tpl --> ftp.dosgames.com /web/alexis/templates/alexis/admin ranks_edit_body.tpl
2003.11.06 12:17 B E:\Documents and Settings\Andrew\Desktop\alexis\admin\ranks_list_body.tpl --> ftp.dosgames.com /web/alexis/templates/alexis/admin ranks_list_body.tpl
2003.11.06 12:17 B E:\Documents and Settings\Andrew\Desktop\alexis\admin\smile_edit_body.tpl --> ftp.dosgames.com /web/alexis/templates/alexis/admin smile_edit_body.tpl
2003.11.06 12:17 B E:\Documents and Settings\Andrew\Desktop\alexis\admin\smile_import_body.tpl --> ftp.dosgames.com /web/alexis/templates/alexis/admin smile_import_body.tpl
2003.11.06 12:17 B E:\Documents and Settings\Andrew\Desktop\alexis\admin\smile_list_body.tpl --> ftp.dosgames.com /web/alexis/templates/alexis/admin smile_list_body.tpl
2003.11.06 12:17 B E:\Documents and Settings\Andrew\Desktop\alexis\admin\styles_addnew_body.tpl --> ftp.dosgames.com /web/alexis/templates/alexis/admin styles_addnew_body.tpl
2003.11.06 12:17 B E:\Documents and Settings\Andrew\Desktop\alexis\admin\styles_edit_body.tpl --> ftp.dosgames.com /web/alexis/templates/alexis/admin styles_edit_body.tpl
2003.11.06 12:17 B E:\Documents and Settings\Andrew\Desktop\alexis\admin\styles_exporter.tpl --> ftp.dosgames.com /web/alexis/templates/alexis/admin styles_exporter.tpl
2003.11.06 12:17 B E:\Documents and Settings\Andrew\Desktop\alexis\admin\styles_list_body.tpl --> ftp.dosgames.com /web/alexis/templates/alexis/admin styles_list_body.tpl
2003.11.06 12:17 B E:\Documents and Settings\Andrew\Desktop\alexis\admin\user_avatar_gallery.tpl --> ftp.dosgames.com /web/alexis/templates/alexis/admin user_avatar_gallery.tpl
2003.11.06 12:17 B E:\Documents and Settings\Andrew\Desktop\alexis\admin\user_ban_body.tpl --> ftp.dosgames.com /web/alexis/templates/alexis/admin user_ban_body.tpl
2003.11.06 12:17 B E:\Documents and Settings\Andrew\Desktop\alexis\admin\user_edit_body.tpl --> ftp.dosgames.com /web/alexis/templates/alexis/admin user_edit_body.tpl
2003.11.06 12:17 B E:\Documents and Settings\Andrew\Desktop\alexis\admin\user_email_body.tpl --> ftp.dosgames.com /web/alexis/templates/alexis/admin user_email_body.tpl
2003.11.06 12:17 B E:\Documents and Settings\Andrew\Desktop\alexis\admin\user_select_body.tpl --> ftp.dosgames.com /web/alexis/templates/alexis/admin user_select_body.tpl
2003.11.06 12:17 B E:\Documents and Settings\Andrew\Desktop\alexis\admin\words_edit_body.tpl --> ftp.dosgames.com /web/alexis/templates/alexis/admin words_edit_body.tpl
2003.11.06 12:17 B E:\Documents and Settings\Andrew\Desktop\alexis\admin\words_list_body.tpl --> ftp.dosgames.com /web/alexis/templates/alexis/admin words_list_body.tpl
2003.11.06 12:17 B E:\Documents and Settings\Andrew\Desktop\alexis\admin\WS_FTP.LOG --> ftp.dosgames.com /web/alexis/templates/alexis/admin WS_FTP.LOG
2003.11.09 13:48 B E:\Documents and Settings\Andrew\Desktop\alexis\admin\WS_FTP.LOG --> shiftx.edgehost.net /httpdocs/alexisonfire/templates/alexis/admin WS_FTP.LOG
