2003.10.31 15:21 B E:\Documents and Settings\Andrew\Desktop\phpBB2\templates\subSilver\images\lang_english\icon_aim.gif --> shiftx.edgehost.net /httpdocs/phpBB2/templates/subSilver/images/lang_english icon_aim.gif
2003.10.31 15:21 B E:\Documents and Settings\Andrew\Desktop\phpBB2\templates\subSilver\images\lang_english\icon_edit.gif --> shiftx.edgehost.net /httpdocs/phpBB2/templates/subSilver/images/lang_english icon_edit.gif
2003.10.31 15:21 B E:\Documents and Settings\Andrew\Desktop\phpBB2\templates\subSilver\images\lang_english\icon_email.gif --> shiftx.edgehost.net /httpdocs/phpBB2/templates/subSilver/images/lang_english icon_email.gif
2003.10.31 15:21 B E:\Documents and Settings\Andrew\Desktop\phpBB2\templates\subSilver\images\lang_english\icon_icq_add.gif --> shiftx.edgehost.net /httpdocs/phpBB2/templates/subSilver/images/lang_english icon_icq_add.gif
2003.10.31 15:21 B E:\Documents and Settings\Andrew\Desktop\phpBB2\templates\subSilver\images\lang_english\icon_ip.gif --> shiftx.edgehost.net /httpdocs/phpBB2/templates/subSilver/images/lang_english icon_ip.gif
2003.10.31 15:21 B E:\Documents and Settings\Andrew\Desktop\phpBB2\templates\subSilver\images\lang_english\icon_msnm.gif --> shiftx.edgehost.net /httpdocs/phpBB2/templates/subSilver/images/lang_english icon_msnm.gif
2003.10.31 15:21 B E:\Documents and Settings\Andrew\Desktop\phpBB2\templates\subSilver\images\lang_english\icon_pm.gif --> shiftx.edgehost.net /httpdocs/phpBB2/templates/subSilver/images/lang_english icon_pm.gif
2003.10.31 15:21 B E:\Documents and Settings\Andrew\Desktop\phpBB2\templates\subSilver\images\lang_english\icon_profile.gif --> shiftx.edgehost.net /httpdocs/phpBB2/templates/subSilver/images/lang_english icon_profile.gif
2003.10.31 15:21 B E:\Documents and Settings\Andrew\Desktop\phpBB2\templates\subSilver\images\lang_english\icon_quote.gif --> shiftx.edgehost.net /httpdocs/phpBB2/templates/subSilver/images/lang_english icon_quote.gif
2003.10.31 15:21 B E:\Documents and Settings\Andrew\Desktop\phpBB2\templates\subSilver\images\lang_english\icon_search.gif --> shiftx.edgehost.net /httpdocs/phpBB2/templates/subSilver/images/lang_english icon_search.gif
2003.10.31 15:21 B E:\Documents and Settings\Andrew\Desktop\phpBB2\templates\subSilver\images\lang_english\icon_www.gif --> shiftx.edgehost.net /httpdocs/phpBB2/templates/subSilver/images/lang_english icon_www.gif
2003.10.31 15:21 B E:\Documents and Settings\Andrew\Desktop\phpBB2\templates\subSilver\images\lang_english\icon_yim.gif --> shiftx.edgehost.net /httpdocs/phpBB2/templates/subSilver/images/lang_english icon_yim.gif
2003.10.31 15:21 B E:\Documents and Settings\Andrew\Desktop\phpBB2\templates\subSilver\images\lang_english\msg_newpost.gif --> shiftx.edgehost.net /httpdocs/phpBB2/templates/subSilver/images/lang_english msg_newpost.gif
2003.10.31 15:21 B E:\Documents and Settings\Andrew\Desktop\phpBB2\templates\subSilver\images\lang_english\post.gif --> shiftx.edgehost.net /httpdocs/phpBB2/templates/subSilver/images/lang_english post.gif
2003.10.31 15:21 B E:\Documents and Settings\Andrew\Desktop\phpBB2\templates\subSilver\images\lang_english\reply-locked.gif --> shiftx.edgehost.net /httpdocs/phpBB2/templates/subSilver/images/lang_english reply-locked.gif
2003.10.31 15:21 B E:\Documents and Settings\Andrew\Desktop\phpBB2\templates\subSilver\images\lang_english\reply.gif --> shiftx.edgehost.net /httpdocs/phpBB2/templates/subSilver/images/lang_english reply.gif
2003.11.05 16:18 B E:\Documents and Settings\Andrew\Desktop\alexis\templates\subSilver\images\lang_english\icon_aim.gif --> shiftx.edgehost.net /httpdocs/alexis/templates/subSilver/images/lang_english icon_aim.gif
2003.11.05 16:18 B E:\Documents and Settings\Andrew\Desktop\alexis\templates\subSilver\images\lang_english\icon_edit.gif --> shiftx.edgehost.net /httpdocs/alexis/templates/subSilver/images/lang_english icon_edit.gif
2003.11.05 16:18 B E:\Documents and Settings\Andrew\Desktop\alexis\templates\subSilver\images\lang_english\icon_email.gif --> shiftx.edgehost.net /httpdocs/alexis/templates/subSilver/images/lang_english icon_email.gif
2003.11.05 16:18 B E:\Documents and Settings\Andrew\Desktop\alexis\templates\subSilver\images\lang_english\icon_icq_add.gif --> shiftx.edgehost.net /httpdocs/alexis/templates/subSilver/images/lang_english icon_icq_add.gif
2003.11.05 16:18 B E:\Documents and Settings\Andrew\Desktop\alexis\templates\subSilver\images\lang_english\icon_ip.gif --> shiftx.edgehost.net /httpdocs/alexis/templates/subSilver/images/lang_english icon_ip.gif
2003.11.05 16:18 B E:\Documents and Settings\Andrew\Desktop\alexis\templates\subSilver\images\lang_english\icon_msnm.gif --> shiftx.edgehost.net /httpdocs/alexis/templates/subSilver/images/lang_english icon_msnm.gif
2003.11.05 16:18 B E:\Documents and Settings\Andrew\Desktop\alexis\templates\subSilver\images\lang_english\icon_pm.gif --> shiftx.edgehost.net /httpdocs/alexis/templates/subSilver/images/lang_english icon_pm.gif
2003.11.05 16:18 B E:\Documents and Settings\Andrew\Desktop\alexis\templates\subSilver\images\lang_english\icon_profile.gif --> shiftx.edgehost.net /httpdocs/alexis/templates/subSilver/images/lang_english icon_profile.gif
2003.11.05 16:18 B E:\Documents and Settings\Andrew\Desktop\alexis\templates\subSilver\images\lang_english\icon_quote.gif --> shiftx.edgehost.net /httpdocs/alexis/templates/subSilver/images/lang_english icon_quote.gif
2003.11.05 16:18 B E:\Documents and Settings\Andrew\Desktop\alexis\templates\subSilver\images\lang_english\icon_search.gif --> shiftx.edgehost.net /httpdocs/alexis/templates/subSilver/images/lang_english icon_search.gif
2003.11.05 16:18 B E:\Documents and Settings\Andrew\Desktop\alexis\templates\subSilver\images\lang_english\icon_www.gif --> shiftx.edgehost.net /httpdocs/alexis/templates/subSilver/images/lang_english icon_www.gif
2003.11.05 16:18 B E:\Documents and Settings\Andrew\Desktop\alexis\templates\subSilver\images\lang_english\icon_yim.gif --> shiftx.edgehost.net /httpdocs/alexis/templates/subSilver/images/lang_english icon_yim.gif
2003.11.05 16:18 B E:\Documents and Settings\Andrew\Desktop\alexis\templates\subSilver\images\lang_english\msg_newpost.gif --> shiftx.edgehost.net /httpdocs/alexis/templates/subSilver/images/lang_english msg_newpost.gif
2003.11.05 16:18 B E:\Documents and Settings\Andrew\Desktop\alexis\templates\subSilver\images\lang_english\post.gif --> shiftx.edgehost.net /httpdocs/alexis/templates/subSilver/images/lang_english post.gif
2003.11.05 16:18 B E:\Documents and Settings\Andrew\Desktop\alexis\templates\subSilver\images\lang_english\reply-locked.gif --> shiftx.edgehost.net /httpdocs/alexis/templates/subSilver/images/lang_english reply-locked.gif
2003.11.05 16:18 B E:\Documents and Settings\Andrew\Desktop\alexis\templates\subSilver\images\lang_english\reply.gif --> shiftx.edgehost.net /httpdocs/alexis/templates/subSilver/images/lang_english reply.gif
2003.11.05 16:18 B E:\Documents and Settings\Andrew\Desktop\alexis\templates\subSilver\images\lang_english\WS_FTP.LOG --> shiftx.edgehost.net /httpdocs/alexis/templates/subSilver/images/lang_english WS_FTP.LOG
2003.11.05 19:48 B E:\Documents and Settings\Andrew\Desktop\alexis\templates\subSilver\images\lang_english\icon_aim.gif --> ftp.shiftx.edgehost.net /templates/subSilver/images/lang_english icon_aim.gif
2003.11.05 19:48 B E:\Documents and Settings\Andrew\Desktop\alexis\templates\subSilver\images\lang_english\icon_edit.gif --> ftp.shiftx.edgehost.net /templates/subSilver/images/lang_english icon_edit.gif
2003.11.05 19:48 B E:\Documents and Settings\Andrew\Desktop\alexis\templates\subSilver\images\lang_english\icon_email.gif --> ftp.shiftx.edgehost.net /templates/subSilver/images/lang_english icon_email.gif
2003.11.05 19:48 B E:\Documents and Settings\Andrew\Desktop\alexis\templates\subSilver\images\lang_english\icon_icq_add.gif --> ftp.shiftx.edgehost.net /templates/subSilver/images/lang_english icon_icq_add.gif
2003.11.05 19:48 B E:\Documents and Settings\Andrew\Desktop\alexis\templates\subSilver\images\lang_english\icon_ip.gif --> ftp.shiftx.edgehost.net /templates/subSilver/images/lang_english icon_ip.gif
2003.11.05 19:48 B E:\Documents and Settings\Andrew\Desktop\alexis\templates\subSilver\images\lang_english\icon_msnm.gif --> ftp.shiftx.edgehost.net /templates/subSilver/images/lang_english icon_msnm.gif
2003.11.05 19:48 B E:\Documents and Settings\Andrew\Desktop\alexis\templates\subSilver\images\lang_english\icon_pm.gif --> ftp.shiftx.edgehost.net /templates/subSilver/images/lang_english icon_pm.gif
2003.11.05 19:48 B E:\Documents and Settings\Andrew\Desktop\alexis\templates\subSilver\images\lang_english\icon_profile.gif --> ftp.shiftx.edgehost.net /templates/subSilver/images/lang_english icon_profile.gif
2003.11.05 19:48 B E:\Documents and Settings\Andrew\Desktop\alexis\templates\subSilver\images\lang_english\icon_quote.gif --> ftp.shiftx.edgehost.net /templates/subSilver/images/lang_english icon_quote.gif
2003.11.05 19:48 B E:\Documents and Settings\Andrew\Desktop\alexis\templates\subSilver\images\lang_english\icon_search.gif --> ftp.shiftx.edgehost.net /templates/subSilver/images/lang_english icon_search.gif
2003.11.05 19:48 B E:\Documents and Settings\Andrew\Desktop\alexis\templates\subSilver\images\lang_english\icon_www.gif --> ftp.shiftx.edgehost.net /templates/subSilver/images/lang_english icon_www.gif
2003.11.05 19:48 B E:\Documents and Settings\Andrew\Desktop\alexis\templates\subSilver\images\lang_english\icon_yim.gif --> ftp.shiftx.edgehost.net /templates/subSilver/images/lang_english icon_yim.gif
2003.11.05 19:48 B E:\Documents and Settings\Andrew\Desktop\alexis\templates\subSilver\images\lang_english\msg_newpost.gif --> ftp.shiftx.edgehost.net /templates/subSilver/images/lang_english msg_newpost.gif
2003.11.05 19:48 B E:\Documents and Settings\Andrew\Desktop\alexis\templates\subSilver\images\lang_english\post.gif --> ftp.shiftx.edgehost.net /templates/subSilver/images/lang_english post.gif
2003.11.05 19:48 B E:\Documents and Settings\Andrew\Desktop\alexis\templates\subSilver\images\lang_english\reply-locked.gif --> ftp.shiftx.edgehost.net /templates/subSilver/images/lang_english reply-locked.gif
2003.11.05 19:48 B E:\Documents and Settings\Andrew\Desktop\alexis\templates\subSilver\images\lang_english\reply.gif --> ftp.shiftx.edgehost.net /templates/subSilver/images/lang_english reply.gif
2003.11.05 19:48 B E:\Documents and Settings\Andrew\Desktop\alexis\templates\subSilver\images\lang_english\WS_FTP.LOG --> ftp.shiftx.edgehost.net /templates/subSilver/images/lang_english WS_FTP.LOG
2003.11.05 19:57 B E:\Documents and Settings\Andrew\Desktop\alexis\templates\subSilver\images\lang_english\icon_aim.gif --> ftp.shiftx.edgehost.net /alexis/templates/subSilver/images/lang_english icon_aim.gif
2003.11.05 19:57 B E:\Documents and Settings\Andrew\Desktop\alexis\templates\subSilver\images\lang_english\icon_edit.gif --> ftp.shiftx.edgehost.net /alexis/templates/subSilver/images/lang_english icon_edit.gif
2003.11.05 19:57 B E:\Documents and Settings\Andrew\Desktop\alexis\templates\subSilver\images\lang_english\icon_email.gif --> ftp.shiftx.edgehost.net /alexis/templates/subSilver/images/lang_english icon_email.gif
2003.11.05 19:57 B E:\Documents and Settings\Andrew\Desktop\alexis\templates\subSilver\images\lang_english\icon_icq_add.gif --> ftp.shiftx.edgehost.net /alexis/templates/subSilver/images/lang_english icon_icq_add.gif
2003.11.05 19:57 B E:\Documents and Settings\Andrew\Desktop\alexis\templates\subSilver\images\lang_english\icon_ip.gif --> ftp.shiftx.edgehost.net /alexis/templates/subSilver/images/lang_english icon_ip.gif
2003.11.05 19:57 B E:\Documents and Settings\Andrew\Desktop\alexis\templates\subSilver\images\lang_english\icon_msnm.gif --> ftp.shiftx.edgehost.net /alexis/templates/subSilver/images/lang_english icon_msnm.gif
2003.11.05 19:57 B E:\Documents and Settings\Andrew\Desktop\alexis\templates\subSilver\images\lang_english\icon_pm.gif --> ftp.shiftx.edgehost.net /alexis/templates/subSilver/images/lang_english icon_pm.gif
2003.11.05 19:57 B E:\Documents and Settings\Andrew\Desktop\alexis\templates\subSilver\images\lang_english\icon_profile.gif --> ftp.shiftx.edgehost.net /alexis/templates/subSilver/images/lang_english icon_profile.gif
2003.11.05 19:57 B E:\Documents and Settings\Andrew\Desktop\alexis\templates\subSilver\images\lang_english\icon_quote.gif --> ftp.shiftx.edgehost.net /alexis/templates/subSilver/images/lang_english icon_quote.gif
2003.11.05 19:57 B E:\Documents and Settings\Andrew\Desktop\alexis\templates\subSilver\images\lang_english\icon_search.gif --> ftp.shiftx.edgehost.net /alexis/templates/subSilver/images/lang_english icon_search.gif
2003.11.05 19:57 B E:\Documents and Settings\Andrew\Desktop\alexis\templates\subSilver\images\lang_english\icon_www.gif --> ftp.shiftx.edgehost.net /alexis/templates/subSilver/images/lang_english icon_www.gif
2003.11.05 19:57 B E:\Documents and Settings\Andrew\Desktop\alexis\templates\subSilver\images\lang_english\icon_yim.gif --> ftp.shiftx.edgehost.net /alexis/templates/subSilver/images/lang_english icon_yim.gif
2003.11.05 19:57 B E:\Documents and Settings\Andrew\Desktop\alexis\templates\subSilver\images\lang_english\msg_newpost.gif --> ftp.shiftx.edgehost.net /alexis/templates/subSilver/images/lang_english msg_newpost.gif
2003.11.05 19:57 B E:\Documents and Settings\Andrew\Desktop\alexis\templates\subSilver\images\lang_english\post.gif --> ftp.shiftx.edgehost.net /alexis/templates/subSilver/images/lang_english post.gif
2003.11.05 19:57 B E:\Documents and Settings\Andrew\Desktop\alexis\templates\subSilver\images\lang_english\reply-locked.gif --> ftp.shiftx.edgehost.net /alexis/templates/subSilver/images/lang_english reply-locked.gif
2003.11.05 19:57 B E:\Documents and Settings\Andrew\Desktop\alexis\templates\subSilver\images\lang_english\reply.gif --> ftp.shiftx.edgehost.net /alexis/templates/subSilver/images/lang_english reply.gif
2003.11.05 19:57 B E:\Documents and Settings\Andrew\Desktop\alexis\templates\subSilver\images\lang_english\WS_FTP.LOG --> ftp.shiftx.edgehost.net /alexis/templates/subSilver/images/lang_english WS_FTP.LOG
2003.11.05 20:08 B E:\Documents and Settings\Andrew\Desktop\alexis\templates\subSilver\images\lang_english\icon_aim.gif --> ftp.dosgames.com /web/alexis/templates/subSilver/images/lang_english icon_aim.gif
2003.11.05 20:08 B E:\Documents and Settings\Andrew\Desktop\alexis\templates\subSilver\images\lang_english\icon_edit.gif --> ftp.dosgames.com /web/alexis/templates/subSilver/images/lang_english icon_edit.gif
2003.11.05 20:08 B E:\Documents and Settings\Andrew\Desktop\alexis\templates\subSilver\images\lang_english\icon_email.gif --> ftp.dosgames.com /web/alexis/templates/subSilver/images/lang_english icon_email.gif
2003.11.05 20:08 B E:\Documents and Settings\Andrew\Desktop\alexis\templates\subSilver\images\lang_english\icon_icq_add.gif --> ftp.dosgames.com /web/alexis/templates/subSilver/images/lang_english icon_icq_add.gif
2003.11.05 20:08 B E:\Documents and Settings\Andrew\Desktop\alexis\templates\subSilver\images\lang_english\icon_ip.gif --> ftp.dosgames.com /web/alexis/templates/subSilver/images/lang_english icon_ip.gif
2003.11.05 20:08 B E:\Documents and Settings\Andrew\Desktop\alexis\templates\subSilver\images\lang_english\icon_msnm.gif --> ftp.dosgames.com /web/alexis/templates/subSilver/images/lang_english icon_msnm.gif
2003.11.05 20:08 B E:\Documents and Settings\Andrew\Desktop\alexis\templates\subSilver\images\lang_english\icon_pm.gif --> ftp.dosgames.com /web/alexis/templates/subSilver/images/lang_english icon_pm.gif
2003.11.05 20:08 B E:\Documents and Settings\Andrew\Desktop\alexis\templates\subSilver\images\lang_english\icon_profile.gif --> ftp.dosgames.com /web/alexis/templates/subSilver/images/lang_english icon_profile.gif
2003.11.05 20:08 B E:\Documents and Settings\Andrew\Desktop\alexis\templates\subSilver\images\lang_english\icon_quote.gif --> ftp.dosgames.com /web/alexis/templates/subSilver/images/lang_english icon_quote.gif
2003.11.05 20:08 B E:\Documents and Settings\Andrew\Desktop\alexis\templates\subSilver\images\lang_english\icon_search.gif --> ftp.dosgames.com /web/alexis/templates/subSilver/images/lang_english icon_search.gif
2003.11.05 20:08 B E:\Documents and Settings\Andrew\Desktop\alexis\templates\subSilver\images\lang_english\icon_www.gif --> ftp.dosgames.com /web/alexis/templates/subSilver/images/lang_english icon_www.gif
2003.11.05 20:08 B E:\Documents and Settings\Andrew\Desktop\alexis\templates\subSilver\images\lang_english\icon_yim.gif --> ftp.dosgames.com /web/alexis/templates/subSilver/images/lang_english icon_yim.gif
2003.11.05 20:08 B E:\Documents and Settings\Andrew\Desktop\alexis\templates\subSilver\images\lang_english\msg_newpost.gif --> ftp.dosgames.com /web/alexis/templates/subSilver/images/lang_english msg_newpost.gif
2003.11.05 20:08 B E:\Documents and Settings\Andrew\Desktop\alexis\templates\subSilver\images\lang_english\post.gif --> ftp.dosgames.com /web/alexis/templates/subSilver/images/lang_english post.gif
2003.11.05 20:08 B E:\Documents and Settings\Andrew\Desktop\alexis\templates\subSilver\images\lang_english\reply-locked.gif --> ftp.dosgames.com /web/alexis/templates/subSilver/images/lang_english reply-locked.gif
2003.11.05 20:08 B E:\Documents and Settings\Andrew\Desktop\alexis\templates\subSilver\images\lang_english\reply.gif --> ftp.dosgames.com /web/alexis/templates/subSilver/images/lang_english reply.gif
2003.11.05 20:08 B E:\Documents and Settings\Andrew\Desktop\alexis\templates\subSilver\images\lang_english\WS_FTP.LOG --> ftp.dosgames.com /web/alexis/templates/subSilver/images/lang_english WS_FTP.LOG
2003.11.05 20:13 B E:\Documents and Settings\Andrew\Desktop\alexisonfire\templates\subSilver\images\lang_english\icon_aim.gif --> shiftx.edgehost.net /httpdocs/alexisonfire/templates/subSilver/images/lang_english icon_aim.gif
2003.11.05 20:13 B E:\Documents and Settings\Andrew\Desktop\alexisonfire\templates\subSilver\images\lang_english\icon_edit.gif --> shiftx.edgehost.net /httpdocs/alexisonfire/templates/subSilver/images/lang_english icon_edit.gif
2003.11.05 20:13 B E:\Documents and Settings\Andrew\Desktop\alexisonfire\templates\subSilver\images\lang_english\icon_email.gif --> shiftx.edgehost.net /httpdocs/alexisonfire/templates/subSilver/images/lang_english icon_email.gif
2003.11.05 20:13 B E:\Documents and Settings\Andrew\Desktop\alexisonfire\templates\subSilver\images\lang_english\icon_icq_add.gif --> shiftx.edgehost.net /httpdocs/alexisonfire/templates/subSilver/images/lang_english icon_icq_add.gif
2003.11.05 20:13 B E:\Documents and Settings\Andrew\Desktop\alexisonfire\templates\subSilver\images\lang_english\icon_ip.gif --> shiftx.edgehost.net /httpdocs/alexisonfire/templates/subSilver/images/lang_english icon_ip.gif
2003.11.05 20:13 B E:\Documents and Settings\Andrew\Desktop\alexisonfire\templates\subSilver\images\lang_english\icon_msnm.gif --> shiftx.edgehost.net /httpdocs/alexisonfire/templates/subSilver/images/lang_english icon_msnm.gif
2003.11.05 20:13 B E:\Documents and Settings\Andrew\Desktop\alexisonfire\templates\subSilver\images\lang_english\icon_pm.gif --> shiftx.edgehost.net /httpdocs/alexisonfire/templates/subSilver/images/lang_english icon_pm.gif
2003.11.05 20:13 B E:\Documents and Settings\Andrew\Desktop\alexisonfire\templates\subSilver\images\lang_english\icon_profile.gif --> shiftx.edgehost.net /httpdocs/alexisonfire/templates/subSilver/images/lang_english icon_profile.gif
2003.11.05 20:13 B E:\Documents and Settings\Andrew\Desktop\alexisonfire\templates\subSilver\images\lang_english\icon_quote.gif --> shiftx.edgehost.net /httpdocs/alexisonfire/templates/subSilver/images/lang_english icon_quote.gif
2003.11.05 20:13 B E:\Documents and Settings\Andrew\Desktop\alexisonfire\templates\subSilver\images\lang_english\icon_search.gif --> shiftx.edgehost.net /httpdocs/alexisonfire/templates/subSilver/images/lang_english icon_search.gif
2003.11.05 20:13 B E:\Documents and Settings\Andrew\Desktop\alexisonfire\templates\subSilver\images\lang_english\icon_www.gif --> shiftx.edgehost.net /httpdocs/alexisonfire/templates/subSilver/images/lang_english icon_www.gif
2003.11.05 20:13 B E:\Documents and Settings\Andrew\Desktop\alexisonfire\templates\subSilver\images\lang_english\icon_yim.gif --> shiftx.edgehost.net /httpdocs/alexisonfire/templates/subSilver/images/lang_english icon_yim.gif
2003.11.05 20:13 B E:\Documents and Settings\Andrew\Desktop\alexisonfire\templates\subSilver\images\lang_english\msg_newpost.gif --> shiftx.edgehost.net /httpdocs/alexisonfire/templates/subSilver/images/lang_english msg_newpost.gif
2003.11.05 20:13 B E:\Documents and Settings\Andrew\Desktop\alexisonfire\templates\subSilver\images\lang_english\post.gif --> shiftx.edgehost.net /httpdocs/alexisonfire/templates/subSilver/images/lang_english post.gif
2003.11.05 20:13 B E:\Documents and Settings\Andrew\Desktop\alexisonfire\templates\subSilver\images\lang_english\reply-locked.gif --> shiftx.edgehost.net /httpdocs/alexisonfire/templates/subSilver/images/lang_english reply-locked.gif
2003.11.05 20:13 B E:\Documents and Settings\Andrew\Desktop\alexisonfire\templates\subSilver\images\lang_english\reply.gif --> shiftx.edgehost.net /httpdocs/alexisonfire/templates/subSilver/images/lang_english reply.gif
2003.11.05 20:13 B E:\Documents and Settings\Andrew\Desktop\alexisonfire\templates\subSilver\images\lang_english\WS_FTP.LOG --> shiftx.edgehost.net /httpdocs/alexisonfire/templates/subSilver/images/lang_english WS_FTP.LOG
2003.11.05 21:08 B E:\Documents and Settings\Andrew\Desktop\alexis\images\lang_english\WS_FTP.LOG --> shiftx.edgehost.net /httpdocs/alexisonfire/templates/alexis/images/lang_english WS_FTP.LOG
2003.11.05 21:08 B E:\Documents and Settings\Andrew\Desktop\alexis\images\lang_english\icon_icq_add.gif --> shiftx.edgehost.net /httpdocs/alexisonfire/templates/alexis/images/lang_english icon_icq_add.gif
2003.11.05 21:08 B E:\Documents and Settings\Andrew\Desktop\alexis\images\lang_english\reply.gif --> shiftx.edgehost.net /httpdocs/alexisonfire/templates/alexis/images/lang_english reply.gif
2003.11.05 21:08 B E:\Documents and Settings\Andrew\Desktop\alexis\images\lang_english\reply-locked.gif --> shiftx.edgehost.net /httpdocs/alexisonfire/templates/alexis/images/lang_english reply-locked.gif
2003.11.05 21:08 B E:\Documents and Settings\Andrew\Desktop\alexis\images\lang_english\post.gif --> shiftx.edgehost.net /httpdocs/alexisonfire/templates/alexis/images/lang_english post.gif
2003.11.05 21:08 B E:\Documents and Settings\Andrew\Desktop\alexis\images\lang_english\msg_newpost.gif --> shiftx.edgehost.net /httpdocs/alexisonfire/templates/alexis/images/lang_english msg_newpost.gif
2003.11.05 21:08 B E:\Documents and Settings\Andrew\Desktop\alexis\images\lang_english\icon_yim.gif --> shiftx.edgehost.net /httpdocs/alexisonfire/templates/alexis/images/lang_english icon_yim.gif
2003.11.05 21:08 B E:\Documents and Settings\Andrew\Desktop\alexis\images\lang_english\icon_www.gif --> shiftx.edgehost.net /httpdocs/alexisonfire/templates/alexis/images/lang_english icon_www.gif
2003.11.05 21:08 B E:\Documents and Settings\Andrew\Desktop\alexis\images\lang_english\icon_search.gif --> shiftx.edgehost.net /httpdocs/alexisonfire/templates/alexis/images/lang_english icon_search.gif
2003.11.05 21:08 B E:\Documents and Settings\Andrew\Desktop\alexis\images\lang_english\icon_quote.gif --> shiftx.edgehost.net /httpdocs/alexisonfire/templates/alexis/images/lang_english icon_quote.gif
2003.11.05 21:08 B E:\Documents and Settings\Andrew\Desktop\alexis\images\lang_english\icon_profile.gif --> shiftx.edgehost.net /httpdocs/alexisonfire/templates/alexis/images/lang_english icon_profile.gif
2003.11.05 21:08 B E:\Documents and Settings\Andrew\Desktop\alexis\images\lang_english\icon_pm.gif --> shiftx.edgehost.net /httpdocs/alexisonfire/templates/alexis/images/lang_english icon_pm.gif
2003.11.05 21:08 B E:\Documents and Settings\Andrew\Desktop\alexis\images\lang_english\icon_msnm.gif --> shiftx.edgehost.net /httpdocs/alexisonfire/templates/alexis/images/lang_english icon_msnm.gif
2003.11.05 21:08 B E:\Documents and Settings\Andrew\Desktop\alexis\images\lang_english\icon_ip.gif --> shiftx.edgehost.net /httpdocs/alexisonfire/templates/alexis/images/lang_english icon_ip.gif
2003.11.05 21:08 B E:\Documents and Settings\Andrew\Desktop\alexis\images\lang_english\icon_email.gif --> shiftx.edgehost.net /httpdocs/alexisonfire/templates/alexis/images/lang_english icon_email.gif
2003.11.05 21:08 B E:\Documents and Settings\Andrew\Desktop\alexis\images\lang_english\icon_edit.gif --> shiftx.edgehost.net /httpdocs/alexisonfire/templates/alexis/images/lang_english icon_edit.gif
2003.11.05 21:08 B E:\Documents and Settings\Andrew\Desktop\alexis\images\lang_english\icon_aim.gif --> shiftx.edgehost.net /httpdocs/alexisonfire/templates/alexis/images/lang_english icon_aim.gif
2003.11.06 12:17 B E:\Documents and Settings\Andrew\Desktop\alexis\images\lang_english\icon_aim.gif --> ftp.dosgames.com /web/alexis/templates/alexis/images/lang_english icon_aim.gif
2003.11.06 12:17 B E:\Documents and Settings\Andrew\Desktop\alexis\images\lang_english\icon_edit.gif --> ftp.dosgames.com /web/alexis/templates/alexis/images/lang_english icon_edit.gif
2003.11.06 12:17 B E:\Documents and Settings\Andrew\Desktop\alexis\images\lang_english\icon_email.gif --> ftp.dosgames.com /web/alexis/templates/alexis/images/lang_english icon_email.gif
2003.11.06 12:17 B E:\Documents and Settings\Andrew\Desktop\alexis\images\lang_english\icon_icq_add.gif --> ftp.dosgames.com /web/alexis/templates/alexis/images/lang_english icon_icq_add.gif
2003.11.06 12:17 B E:\Documents and Settings\Andrew\Desktop\alexis\images\lang_english\icon_ip.gif --> ftp.dosgames.com /web/alexis/templates/alexis/images/lang_english icon_ip.gif
2003.11.06 12:17 B E:\Documents and Settings\Andrew\Desktop\alexis\images\lang_english\icon_msnm.gif --> ftp.dosgames.com /web/alexis/templates/alexis/images/lang_english icon_msnm.gif
2003.11.06 12:17 B E:\Documents and Settings\Andrew\Desktop\alexis\images\lang_english\icon_pm.gif --> ftp.dosgames.com /web/alexis/templates/alexis/images/lang_english icon_pm.gif
2003.11.06 12:17 B E:\Documents and Settings\Andrew\Desktop\alexis\images\lang_english\icon_profile.gif --> ftp.dosgames.com /web/alexis/templates/alexis/images/lang_english icon_profile.gif
2003.11.06 12:17 B E:\Documents and Settings\Andrew\Desktop\alexis\images\lang_english\icon_quote.gif --> ftp.dosgames.com /web/alexis/templates/alexis/images/lang_english icon_quote.gif
2003.11.06 12:17 B E:\Documents and Settings\Andrew\Desktop\alexis\images\lang_english\icon_search.gif --> ftp.dosgames.com /web/alexis/templates/alexis/images/lang_english icon_search.gif
2003.11.06 12:17 B E:\Documents and Settings\Andrew\Desktop\alexis\images\lang_english\icon_www.gif --> ftp.dosgames.com /web/alexis/templates/alexis/images/lang_english icon_www.gif
2003.11.06 12:17 B E:\Documents and Settings\Andrew\Desktop\alexis\images\lang_english\icon_yim.gif --> ftp.dosgames.com /web/alexis/templates/alexis/images/lang_english icon_yim.gif
2003.11.06 12:17 B E:\Documents and Settings\Andrew\Desktop\alexis\images\lang_english\msg_newpost.gif --> ftp.dosgames.com /web/alexis/templates/alexis/images/lang_english msg_newpost.gif
2003.11.06 12:17 B E:\Documents and Settings\Andrew\Desktop\alexis\images\lang_english\post.gif --> ftp.dosgames.com /web/alexis/templates/alexis/images/lang_english post.gif
2003.11.06 12:17 B E:\Documents and Settings\Andrew\Desktop\alexis\images\lang_english\reply-locked.gif --> ftp.dosgames.com /web/alexis/templates/alexis/images/lang_english reply-locked.gif
2003.11.06 12:17 B E:\Documents and Settings\Andrew\Desktop\alexis\images\lang_english\reply.gif --> ftp.dosgames.com /web/alexis/templates/alexis/images/lang_english reply.gif
2003.11.06 12:17 B E:\Documents and Settings\Andrew\Desktop\alexis\images\lang_english\WS_FTP.LOG --> ftp.dosgames.com /web/alexis/templates/alexis/images/lang_english WS_FTP.LOG
2003.11.09 13:49 B E:\Documents and Settings\Andrew\Desktop\alexis\images\lang_english\WS_FTP.LOG --> shiftx.edgehost.net /httpdocs/alexisonfire/templates/alexis/images/lang_english WS_FTP.LOG
